 1nov85  4:27:02 #8 (HQTECH.TIP) RUN (SYS)SPOOL
 1nov85  4:39:58 #8 (HQTECH.TIP) RUN (SYS)SPOOL
 1nov85  4:41:52 #8 (HQTECH.TIP) RUN (SYS)SPOOL
 1nov85  7:19:14 #8 (CPAPRINT) RUN (SYS)SPOOL
 1nov85  8:03:29 #6 (OPER) RUN (SYS)SPOOL
 1nov85 10:29:40 #14 (CPAPRINT) RUN (SYS)SPOOL
 1nov85 10:38:01 #8 (OPER) RUN (SYS)SPOOL
 1nov85 10:57:13 #12 (CPAPRINT) RUN (SYS)SPOOL
 1nov85 11:40:20 #12 (CPAPRINT) RUN (SYS)SPOOL
 1nov85 12:07:55 #25 (CPAPRINT) RUN (SYS)SPOOL
 1nov85 12:56:05 #12 (CPAPRINT) RUN (SYS)SPOOL
 1nov85 13:10:13 #8 (CPAPRINT) RUN (SYS)SPOOL
 1nov85 14:17:59 #19 (CPAPRINT) RUN (SYS)SPOOL
 1nov85 14:40:03 #27 (CPAPRINT) RUN (SYS)SPOOL
 1nov85 15:02:00 #29 (CPAPRINT) RUN (SYS)SPOOL
 1nov85 17:09:30 #6 (OPER) RUN (SYS)SPOOL
 1nov85 22:49:14 #32 (CPAPRINT) RUN (SYS)SPOOL
 2nov85  9:13:34 #6 (OPER) RUN (SYS)SPOOL
 2nov85 11:45:57 #16 (CPAPRINT) RUN (SYS)SPOOL
 2nov85 12:04:58 #12 (CPAPRINT) RUN (SYS)SPOOL
 2nov85 14:31:06 #16 (CPAPRINT) RUN (SYS)SPOOL
 2nov85 16:07:03 #16 (CPAPRINT) RUN (SYS)SPOOL
 2nov85 17:19:33 #6 (OPER) RUN (SYS)SPOOL
 2nov85 23:18:18 #3 (CPAPRINT) RUN (SYS)SPOOL
 3nov85  2:11:26 #12 (OPER) RUN (SYS)SPOOL
 3nov85  8:44:54 #11 (CPAPRINT) RUN (SYS)SPOOL
 3nov85 11:03:35 #12 (CPAPRINT) RUN (SYS)SPOOL
 3nov85 16:17:35 #12 (CPAPRINT) RUN (SYS)SPOOL
 3nov85 17:25:59 #5 (OPER) RUN (SYS)SPOOL
 3nov85 19:33:28 #11 (CPAPRINT) RUN (SYS)SPOOL
 4nov85  2:35:40 #7 (CPAPRINT) RUN (SYS)SPOOL
 4nov85  3:37:09 #3 (CPAPRINT) RUN (SYS)SPOOL
 4nov85  6:55:15 #5 (OPER) RUN (SYS)SPOOL
 4nov85  7:55:26 #3 (CPAPRINT) RUN (SYS)SPOOL
 4nov85  8:14:42 #14 (CPAPRINT) RUN (SYS)SPOOL
 4nov85 20:48:29 #49 (CPAPRINT) RUN (SYS)SPOOL
 5nov85  2:13:08 #28 (CPAPRINT) RUN (SYS)SPOOL
 5nov85  7:11:14 #26 (OPER) RUN (SYS)SPOOL
 5nov85  7:47:55 #37 (CPAPRINT) RUN (SYS)SPOOL
 5nov85  9:23:31 #29 (CPAPRINT) RUN (SYS)SPOOL
 5nov85  9:45:02 #34 (CPAPRINT) RUN (SYS)SPOOL
 5nov85 15:26:32 #33 (CPAPRINT) RUN (SYS)SPOOL
 5nov85 16:39:22 #26 (CPAPRINT) RUN (SYS)SPOOL
 5nov85 17:25:03 #15 (OPER) RUN (SYS)SPOOL
 5nov85 19:11:48 #30 (CPAPRINT) RUN (SYS)SPOOL
 5nov85 23:21:37 #48 (CPAPRINT) RUN (SYS)SPOOL
 6nov85  0:12:57 #50 (CPAPRINT) RUN (SYS)SPOOL
 6nov85  8:04:52 #3 (CPAPRINT) RUN (SYS)SPOOL
 6nov85  9:11:18 #28 (OPER) RUN (SYS)SPOOL
 6nov85 14:48:20 #44 (CPAPRINT) RUN (SYS)SPOOL
 6nov85 17:10:14 #15 (OPER) RUN (SYS)SPOOL
 7nov85  0:30:32 #38 (CPAPRINT) RUN (SYS)SPOOL
 7nov85  1:26:15 #47 (BRUCES) RUN (SYS)SPOOL
 7nov85  1:28:27 #47 (BRUCES) RUN (SYS)SPOOL
 7nov85  8:01:01 #14 (CPAPRINT) RUN (SYS)SPOOL
 7nov85  8:36:19 #15 (OPER) RUN (SYS)SPOOL
 7nov85  9:38:12 #15 (OPER) RUN (SYS)SPOOL
 7nov85 14:42:29 #12 (CPAPRINT) RUN (SYS)SPOOL
 7nov85 16:19:03 #19 (CPAPRINT) RUN (SYS)SPOOL
 7nov85 16:26:44 #36 (BRUCES) RUN (SYS)SPOOL
 7nov85 16:28:30 #15 (OPER) RUN (SYS)SPOOL
 7nov85 17:22:45 #15 (OPER) RUN (SYS)SPOOL
 7nov85 17:45:35 #36 (BRUCES) RUN (SYS)SPOOL
 7nov85 20:42:08 #97 (CPAPRINT) RUN (SYS)SPOOL
 8nov85  0:11:52 #14 (CPAPRINT) RUN (SYS)SPOOL
 8nov85  5:08:46 #15 (OPER) RUN (SYS)SPOOL
 8nov85  8:19:55 #23 (CPAPRINT) RUN (SYS)SPOOL
 8nov85  9:38:22 #42 (CPAPRINT) RUN (SYS)SPOOL
 8nov85 10:22:14 #14 (CPAPRINT) RUN (SYS)SPOOL
 8nov85 10:53:22 #29 (CPAPRINT) RUN (SYS)SPOOL
 8nov85 12:14:28 #17 (CPAPRINT) RUN (SYS)SPOOL
 8nov85 12:41:42 #29 (CPAPRINT) RUN (SYS)SPOOL
 8nov85 12:43:55 #15 (OPER) RUN (SYS)SPOOL
 8nov85 12:58:01 #17 (CPAPRINT) RUN (SYS)SPOOL
 8nov85 13:06:35 #23 (CPAPRINT) RUN (SYS)SPOOL
 8nov85 14:26:53 #31 (CPAPRINT) RUN (SYS)SPOOL
 8nov85 18:00:25 #15 (OPER) RUN (SYS)SPOOL
 8nov85 20:40:22 #46 (CPAPRINT) RUN (SYS)SPOOL
 8nov85 22:02:50 #11 (SRA) RUN (SYS)SPOOL
 9nov85  0:34:16 #31 (CPAPRINT) RUN (SYS)SPOOL
 9nov85  6:40:39 #28 (CPAPRINT) RUN (SYS)SPOOL
 9nov85  6:56:21 #7 (OPER) RUN (SYS)SPOOL
 9nov85 10:14:30 #7 (OPER) RUN (SYS)SPOOL
 9nov85 14:20:03 #15 (CPAPRINT) RUN (SYS)SPOOL
 9nov85 16:43:01 #14 (CPAPRINT) RUN (SYS)SPOOL
 9nov85 17:33:15 #9 (OPER) RUN (SYS)SPOOL
 9nov85 22:57:39 #12 (CPAPRINT) RUN (SYS)SPOOL
10nov85  1:19:43 #9 (OPER) RUN (SYS)SPOOL
10nov85  2:31:40 #12 (CPAPRINT) RUN (SYS)SPOOL
10nov85 10:32:55 #9 (CPAPRINT) RUN (SYS)SPOOL
10nov85 11:04:23 #5 (CPAPRINT) RUN (SYS)SPOOL
10nov85 13:26:20 #7 (CPAPRINT) RUN (SYS)SPOOL
10nov85 14:48:59 #10 (CPAPRINT) RUN (SYS)SPOOL
10nov85 14:50:31 #3 (OPER) RUN (SYS)SPOOL
10nov85 15:30:15 #7 (CPAPRINT) RUN (SYS)SPOOL
10nov85 16:08:46 #11 (CPAPRINT) RUN (SYS)SPOOL
10nov85 17:19:15 #3 (OPER) RUN (SYS)SPOOL
10nov85 23:04:42 #11 (CPAPRINT) RUN (SYS)SPOOL
11nov85  0:08:17 #14 (CPAPRINT) RUN (SYS)SPOOL
11nov85  0:13:29 #5 (CPAPRINT) RUN (SYS)SPOOL
11nov85  6:08:54 #3 (OPER) RUN (SYS)SPOOL
11nov85  7:57:23 #16 (CPAPRINT) RUN (SYS)SPOOL
11nov85  8:01:44 #13 (CPAPRINT) RUN (SYS)SPOOL
11nov85 16:13:03 #27 (CPAPRINT) RUN (SYS)SPOOL
11nov85 17:22:48 #3 (OPER) RUN (SYS)SPOOL
11nov85 20:25:10 #5 (CPAPRINT) RUN (SYS)SPOOL
11nov85 21:31:29 #67 (CPAPRINT) RUN (SYS)SPOOL
11nov85 23:56:51 #66 (CPAPRINT) RUN (SYS)SPOOL
12nov85  0:41:30 #32 (CPAPRINT) RUN (SYS)SPOOL
12nov85  1:35:54 #3 (OPER) RUN (SYS)SPOOL
12nov85  2:00:04 #17 (CPAPRINT) RUN (SYS)SPOOL
12nov85  4:34:08 #3 (OPER) RUN (SYS)SPOOL
12nov85  8:16:51 #15 (CPAPRINT) RUN (SYS)SPOOL
12nov85  8:36:45 #3 (OPER) RUN (SYS)SPOOL
12nov85 10:29:34 #21 (CPAPRINT) RUN (SYS)SPOOL
12nov85 15:37:03 #38 (CPAPRINT) RUN (SYS)SPOOL
12nov85 17:43:19 #3 (OPER) RUN (SYS)SPOOL
12nov85 20:30:36 #13 (CPAPRINT) RUN (SYS)SPOOL
12nov85 21:46:55 #57 (CPAPRINT) RUN (SYS)SPOOL
13nov85  2:30:39 #22 (CPAPRINT) RUN (SYS)SPOOL
13nov85  5:15:01 #21 (CPAPRINT) RUN (SYS)SPOOL
13nov85  6:44:31 #14 (OPER) RUN (SYS)SPOOL
13nov85  8:04:30 #12 (CPAPRINT) RUN (SYS)SPOOL
13nov85  8:23:52 #13 (CPAPRINT) RUN (SYS)SPOOL
13nov85 15:25:59 #26 (OPER) RUN (SYS)SPOOL
13nov85 16:29:11 #26 (CPAPRINT) RUN (SYS)SPOOL
13nov85 17:37:57 #14 (OPER) RUN (SYS)SPOOL
13nov85 21:01:16 #47 (CPAPRINT) RUN (SYS)SPOOL
13nov85 22:34:31 #65 (CPAPRINT) RUN (SYS)SPOOL
14nov85  0:19:02 #55 (CPAPRINT) RUN (SYS)SPOOL
14nov85  4:26:35 #37 (OPER) RUN (SYS)SPOOL
14nov85  8:09:09 #23 (CPAPRINT) RUN (SYS)SPOOL
14nov85 10:45:17 #33 (CPAPRINT) RUN (SYS)SPOOL
14nov85 14:02:25 #7 (OPER) RUN (SYS)SPOOL
14nov85 15:08:17 #16 (CPAPRINT) RUN (SYS)SPOOL
14nov85 16:36:23 #30 (CPAPRINT) RUN (SYS)SPOOL
14nov85 17:16:51 #3 (OPER) RUN (SYS)SPOOL
14nov85 18:51:04 #33 (CPAPRINT) RUN (SYS)SPOOL
14nov85 23:47:30 #64 (CPAPRINT) RUN (SYS)SPOOL
15nov85  1:15:46 #26 (CPAPRINT) RUN (SYS)SPOOL
15nov85  2:51:12 #18 (CPAPRINT) RUN (SYS)SPOOL
15nov85  4:10:05 #17 (CPAPRINT) RUN (SYS)SPOOL
15nov85  6:24:29 #5 (CPAPRINT) RUN (SYS)SPOOL
15nov85  7:32:03 #6 (OPER) RUN (SYS)SPOOL
15nov85  7:42:13 #5 (CPAPRINT) RUN (SYS)SPOOL
15nov85  8:00:26 #10 (CPAPRINT) RUN (SYS)SPOOL
15nov85  8:06:14 #19 (OPER) RUN (SYS)SPOOL
15nov85 13:52:18 #12 (CPAPRINT) RUN (SYS)SPOOL
15nov85 14:23:09 #12 (CPAPRINT) RUN (SYS)SPOOL
15nov85 17:36:58 #6 (OPER) RUN (SYS)SPOOL
15nov85 19:32:42 #18 (CPAPRINT) RUN (SYS)SPOOL
16nov85  0:15:09 #18 (CPAPRINT) RUN (SYS)SPOOL
16nov85  3:28:35 #11 (CPAPRINT) RUN (SYS)SPOOL
16nov85  5:26:43 #10 (CPAPRINT) RUN (SYS)SPOOL
16nov85  7:16:49 #6 (OPER) RUN (SYS)SPOOL
16nov85  8:31:14 #27 (CPAPRINT) RUN (SYS)SPOOL
16nov85 10:32:03 #6 (OPER) RUN (SYS)SPOOL
16nov85 12:30:07 #8 (CPAPRINT) RUN (SYS)SPOOL
16nov85 15:25:20 #6 (OPER) RUN (SYS)SPOOL
16nov85 16:25:29 #18 (CPAPRINT) RUN (SYS)SPOOL
16nov85 17:03:49 #5 (OPER) RUN (SYS)SPOOL
16nov85 19:59:21 #24 (CPAPRINT) RUN (SYS)SPOOL
17nov85  0:28:10 #3 (CPAPRINT) RUN (SYS)SPOOL
17nov85  2:59:36 #13 (OPER) RUN (SYS)SPOOL
17nov85  7:43:50 #13 (CPAPRINT) RUN (SYS)SPOOL
17nov85 15:33:54 #15 (CPAPRINT) RUN (SYS)SPOOL
17nov85 17:51:53 #18 (OPER) RUN (SYS)SPOOL
17nov85 19:29:07 #20 (CPAPRINT) RUN (SYS)SPOOL
17nov85 20:48:13 #15 (CPAPRINT) RUN (SYS)SPOOL
18nov85  1:53:37 #10 (CPAPRINT) RUN (SYS)SPOOL
18nov85  3:35:06 #10 (CPAPRINT) RUN (SYS)SPOOL
18nov85  6:21:31 #12 (CPAPRINT) RUN (SYS)SPOOL
18nov85  7:23:47 #8 (CPAPRINT) RUN (SYS)SPOOL
18nov85  7:46:52 #6 (OPER) RUN (SYS)SPOOL
18nov85  8:11:02 #3 (CPAPRINT) RUN (SYS)SPOOL
18nov85  8:25:33 #10 (CPAPRINT) RUN (SYS)SPOOL
18nov85 16:16:45 #32 (CPAPRINT) RUN (SYS)SPOOL
18nov85 16:48:23 #6 (OPER) RUN (SYS)SPOOL
18nov85 17:34:21 #6 (OPER) RUN (SYS)SPOOL
18nov85 23:36:29 #53 (CPAPRINT) RUN (SYS)SPOOL
18nov85 23:38:14 #56 (CPAPRINT) RUN (SYS)SPOOL
19nov85  0:18:04 #49 (CPAPRINT) RUN (SYS)SPOOL
19nov85  7:30:36 #18 (CPAPRINT) RUN (SYS)SPOOL
19nov85  9:28:42 #6 (OPER) RUN (SYS)SPOOL
19nov85 15:04:25 #6 (OPER) RUN (SYS)SPOOL
19nov85 16:36:42 #51 (CPAPRINT) RUN (SYS)SPOOL
19nov85 17:28:56 #66 (OPER) RUN (SYS)SPOOL
19nov85 21:38:03 #44 (DTAI) RUN (SYS)SPOOL
19nov85 21:42:20 #44 (DTAI) RUN (SYS)SPOOL
19nov85 21:47:23 #44 (DTAI) RUN (SYS)SPOOL
19nov85 22:50:51 #16 (DTAI) RUN (SYS)SPOOL
20nov85  0:17:13 #52 (CPAPRINT) RUN (SYS)SPOOL
20nov85  8:37:57 #27 (CPAPRINT) RUN (SYS)SPOOL
20nov85 10:03:12 #18 (OPER) RUN (SYS)SPOOL
20nov85 10:11:57 #18 (OPER) RUN (SYS)SPOOL
20nov85 10:14:39 #18 (OPER) RUN (SYS)SPOOL
20nov85 10:45:19 #18 (OPER) RUN (SYS)SPOOL
20nov85 11:16:47 #24 (CPAPRINT) RUN (SYS)SPOOL
20nov85 13:54:23 #5 (OPER) RUN (SYS)SPOOL
20nov85 16:14:24 #41 (CPAPRINT) RUN (SYS)SPOOL
20nov85 17:17:40 #5 (OPER) RUN (SYS)SPOOL
20nov85 19:22:24 #59 (CPAPRINT) RUN (SYS)SPOOL
20nov85 21:39:40 #25 (DTAI) RUN (SYS)SPOOL
21nov85  0:14:26 #60 (CPAPRINT) RUN (SYS)SPOOL
21nov85  1:27:32 #51 (CPAPRINT) RUN (SYS)SPOOL
21nov85  2:34:55 #50 (CPAPRINT) RUN (SYS)SPOOL
21nov85  6:00:22 #13 (CPAPRINT) RUN (SYS)SPOOL
21nov85  8:19:12 #27 (CPAPRINT) RUN (SYS)SPOOL
21nov85 10:09:40 #5 (OPER) RUN (SYS)SPOOL
21nov85 12:13:08 #17 (OPER) RUN (SYS)SPOOL
21nov85 14:57:20 #17 (OPER) RUN (SYS)SPOOL
21nov85 16:35:54 #68 (CPAPRINT) RUN (SYS)SPOOL
21nov85 17:16:20 #5 (OPER) RUN (SYS)SPOOL
21nov85 19:33:12 #103 (CPAPRINT) RUN (SYS)SPOOL
22nov85  0:04:25 #3 (CPAPRINT) RUN (SYS)SPOOL
22nov85  4:21:19 #18 (CPAPRINT) RUN (SYS)SPOOL
22nov85  8:15:01 #9 (CPAPRINT) RUN (SYS)SPOOL
22nov85  9:46:00 #10 (OPER) RUN (SYS)SPOOL
22nov85  9:58:36 #5 (OPER) RUN (SYS)SPOOL
22nov85 11:09:03 #6 (OPER) RUN (SYS)SPOOL
22nov85 11:33:26 #29 (CPAPRINT) RUN (SYS)SPOOL
22nov85 11:43:36 #20 (CPAPRINT) RUN (SYS)SPOOL
22nov85 12:38:33 #44 (CPAPRINT) RUN (SYS)SPOOL
22nov85 15:02:10 #30 (CPAPRINT) RUN (SYS)SPOOL
22nov85 17:32:34 #5 (OPER) RUN (SYS)SPOOL
22nov85 23:55:05 #47 (CPAPRINT) RUN (SYS)SPOOL
23nov85  0:16:36 #51 (CPAPRINT) RUN (SYS)SPOOL
  