).
Thu, 6 Nov 86 10:48:44 UT; 74 jobs free out of 108 (68%).
Thu, 6 Nov 86 11:03:33 UT; 73 jobs free out of 108 (67%).
Thu, 6 Nov 86 11:18:32 UT; 75 jobs free out of 108 (69%).
Thu, 6 Nov 86 11:33:32 UT; 74 jobs free out of 108 (68%).
Thu, 6 Nov 86 11:48:35 UT; 74 jobs free out of 108 (68%).
Thu, 6 Nov 86 12:03:32 UT; 74 jobs free out of 108 (68%).
Thu, 6 Nov 86 12:18:32 UT; 75 jobs free out of 108 (69%).
Thu, 6 Nov 86 12:33:34 UT; 76 jobs free out of 108 (70%).
Thu, 6 Nov 86 12:48:32 UT; 75 jobs free out of 108 (69%).
Thu, 6 Nov 86 13:03:32 UT; 75 jobs free out of 108 (69%).
Thu, 6 Nov 86 13:18:35 UT; 75 jobs free out of 108 (69%).
Thu, 6 Nov 86 13:33:34 UT; 76 jobs free out of 108 (70%).
Thu, 6 Nov 86 13:48:34 UT; 75 jobs free out of 108 (69%).
Thu, 6 Nov 86 14:03:35 UT; 74 jobs free out of 108 (68%).
Thu, 6 Nov 86 14:18:34 UT; 73 jobs free out of 108 (67%).
Thu, 6 Nov 86 14:33:34 UT; 73 jobs free out of 108 (67%).
Thu, 6 Nov 86 14:48:35 UT; 73 jobs free out of 108 (67%).
Thu, 6 Nov 86 15:03:35 UT; 71 jobs free out of 108 (65%).
Thu, 6 Nov 86 15:18:34 UT; 72 jobs free out of 108 (66%).
Thu, 6 Nov 86 15:33:37 UT; 71 jobs free out of 108 (65%).
Thu, 6 Nov 86 15:48:38 UT; 73 jobs free out of 108 (67%).
Thu, 6 Nov 86 16:03:39 UT; 74 jobs free out of 108 (68%).
Thu, 6 Nov 86 16:18:38 UT; 75 jobs free out of 108 (69%).
Thu, 6 Nov 86 16:33:40 UT; 76 jobs free out of 108 (70%).
Thu, 6 Nov 86 16:48:40 UT; 76 jobs free out of 108 (70%).
Thu, 6 Nov 86 17:03:41 UT; 73 jobs free out of 108 (67%).
Thu, 6 Nov 86 17:18:45 UT; 72 jobs free out of 108 (66%).
Thu, 6 Nov 86 17:33:47 UT; 74 jobs free out of 108 (68%).
Thu, 6 Nov 86 17:48:47 UT; 69 jobs free out of 108 (63%).
Thu, 6 Nov 86 18:03:47 UT; 73 jobs free out of 108 (67%).
Thu, 6 Nov 86 18:18:51 UT; 69 jobs free out of 108 (63%).
Thu, 6 Nov 86 18:33:51 UT; 70 jobs free out of 108 (64%).
Thu, 6 Nov 86 18:48:54 UT; 67 jobs free out of 108 (62%).
Thu, 6 Nov 86 19:03:52 UT; 69 jobs free out of 108 (63%).
Thu, 6 Nov 86 19:18:51 UT; 70 jobs free out of 108 (64%).
Thu, 6 Nov 86 19:33:51 UT; 69 jobs free out of 108 (63%).
Thu, 6 Nov 86 19:48:51 UT; 67 jobs free out of 108 (62%).
Thu, 6 Nov 86 20:03:50 UT; 68 jobs free out of 108 (62%).
Thu, 6 Nov 86 20:18:52 UT; 67 jobs free out of 108 (62%).
Thu, 6 Nov 86 20:33:51 UT; 68 jobs free out of 108 (62%).
Thu, 6 Nov 86 20:48:51 UT; 69 jobs free out of 108 (63%).
Thu, 6 Nov 86 21:03:51 UT; 69 jobs free out of 108 (63%).
Thu, 6 Nov 86 21:18:51 UT; 66 jobs free out of 108 (61%).
Thu, 6 Nov 86 21:33:51 UT; 69 jobs free out of 108 (63%).
Thu, 6 Nov 86 21:48:51 UT; 71 jobs free out of 108 (65%).
Thu, 6 Nov 86 22:03:50 UT; 71 jobs free out of 108 (65%).
Thu, 6 Nov 86 22:18:50 UT; 71 jobs free out of 108 (65%).
Thu, 6 Nov 86 22:33:50 UT; 72 jobs free out of 108 (66%).
Thu, 6 Nov 86 22:48:51 UT; 71 jobs free out of 108 (65%).
Thu, 6 Nov 86 23:03:51 UT; 77 jobs free out of 108 (71%).
Thu, 6 Nov 86 23:18:50 UT; 77 jobs free out of 108 (71%).
Thu, 6 Nov 86 23:33:51 UT; 76 jobs free out of 108 (70%).
Thu, 6 Nov 86 23:48:51 UT; 76 jobs free out of 108 (70%).
Fri, 7 Nov 86 0:03:51 UT; 75 jobs free out of 108 (69%).
Fri, 7 Nov 86 0:18:53 UT; 76 jobs free out of 108 (70%).
Fri, 7 Nov 86 0:33:54 UT; 75 jobs free out of 108 (69%).
Fri, 7 Nov 86 0:48:56 UT; 76 jobs free out of 108 (70%).
Fri, 7 Nov 86 1:03:57 UT; 79 jobs free out of 108 (73%).
Fri, 7 Nov 86 1:18:59 UT; 75 jobs free out of 108 (69%).
Fri, 7 Nov 86 1:33:58 UT; 75 jobs free out of 108 (69%).
Fri, 7 Nov 86 1:48:59 UT; 73 jobs free out of 108 (67%).
Fri, 7 Nov 86 2:03:59 UT; 73 jobs free out of 108 (67%).
Fri, 7 Nov 86 2:18:57 UT; 75 jobs free out of 108 (69%).
Fri, 7 Nov 86 2:33:57 UT; 74 jobs free out of 108 (68%).
Fri, 7 Nov 86 2:48:57 UT; 75 jobs free out of 108 (69%).
Fri, 7 Nov 86 3:03:57 UT; 75 jobs free out of 108 (69%).
Fri, 7 Nov 86 3:18:57 UT; 75 jobs free out of 108 (69%).
Fri, 7 Nov 86 3:33:57 UT; 75 jobs free out of 108 (69%).
Fri, 7 Nov 86 3:48:58 UT; 75 jobs free out of 108 (69%).
Fri, 7 Nov 86 4:03:58 UT; 74 jobs free out of 108 (68%).
Fri, 7 Nov 86 4:18:58 UT; 71 jobs free out of 108 (65%).
Fri, 7 Nov 86 4:33:58 UT; 73 jobs free out of 108 (67%).
Fri, 7 Nov 86 4:48:58 UT; 72 jobs free out of 108 (66%).
Fri, 7 Nov 86 5:03:58 UT; 71 jobs free out of 108 (65%).
Fri, 7 Nov 86 5:19:01 UT; 70 jobs free out of 108 (64%).
Fri, 7 Nov 86 5:34:05 UT; 72 jobs free out of 108 (66%).
Fri, 7 Nov 86 5:49:04 UT; 73 jobs free out of 108 (67%).
Fri, 7 Nov 86 6:04:05 UT; 73 jobs free out of 108 (67%).
Fri, 7 Nov 86 6:19:04 UT; 74 jobs free out of 108 (68%).
Fri, 7 Nov 86 6:34:05 UT; 73 jobs free out of 108 (67%).
Fri, 7 Nov 86 6:49:06 UT; 74 jobs free out of 108 (68%).
Fri, 7 Nov 86 7:04:07 UT; 74 jobs free out of 108 (68%).
Fri, 7 Nov 86 7:19:08 UT; 72 jobs free out of 108 (66%).
Fri, 7 Nov 86 7:34:07 UT; 72 jobs free out of 108 (66%).
Fri, 7 Nov 86 7:49:06 UT; 73 jobs free out of 108 (67%).
Fri, 7 Nov 86 8:04:06 UT; 74 jobs free out of 108 (68%).
Fri, 7 Nov 86 8:19:06 UT; 75 jobs free out of 108 (69%).
Fri, 7 Nov 86 8:34:06 UT; 76 jobs free out of 108 (70%).
Fri, 7 Nov 86 8:49:06 UT; 77 jobs free out of 108 (71%).
Fri, 7 Nov 86 9:04:06 UT; 77 jobs free out of 108 (71%).
Fri, 7 Nov 86 9:19:06 UT; 76 jobs free out of 108 (70%).
Fri, 7 Nov 86 9:34:06 UT; 77 jobs free out of 108 (71%).
Fri, 7 Nov 86 9:49:07 UT; 74 jobs free out of 108 (68%).
Fri, 7 Nov 86 10:04:07 UT; 73 jobs free out of 108 (67%).
Fri, 7 Nov 86 10:19:08 UT; 75 jobs free out of 108 (69%).
Fri, 7 Nov 86 10:34:09 UT; 75 jobs free out of 108 (69%).
Fri, 7 Nov 86 10:49:09 UT; 74 jobs free out of 108 (68%).
Fri, 7 Nov 86 11:04:24 UT; 75 jobs free out of 108 (69%).
Fri, 7 Nov 86 11:19:23 UT; 76 jobs free out of 108 (70%).
Fri, 7 Nov 86 11:34:23 UT; 76 jobs free out of 108 (70%).
Fri, 7 Nov 86 11:49:24 UT; 76 jobs free out of 108 (70%).
Fri, 7 Nov 86 12:04:26 UT; 75 jobs free out of 108 (69%).
Fri, 7 Nov 86 12:19:27 UT; 71 jobs free out of 108 (65%).
Fri, 7 Nov 86 12:34:26 UT; 73 jobs free out of 108 (67%).
Fri, 7 Nov 86 12:49:27 UT; 72 jobs free out of 108 (66%).
Fri, 7 Nov 86 13:04:26 UT; 73 jobs free out of 108 (67%).
Fri, 7 Nov 86 13:19:25 UT; 77 jobs free out of 108 (71%).
Fri, 7 Nov 86 13:34:26 UT; 77 jobs free out of 108 (71%).
Fri, 7 Nov 86 13:49:27 UT; 75 jobs free out of 108 (69%).
Fri, 7 Nov 86 14:04:28 UT; 76 jobs free out of 108 (70%).
Fri, 7 Nov 86 14:19:28 UT; 76 jobs free out of 108 (70%).
Fri, 7 Nov 86 14:34:30 UT; 76 jobs free out of 108 (70%).
Fri, 7 Nov 86 14:49:30 UT; 75 jobs free out of 108 (69%).
Fri, 7 Nov 86 15:04:30 UT; 75 jobs free out of 108 (69%).
Fri, 7 Nov 86 15:19:30 UT; 74 jobs free out of 108 (68%).
Fri, 7 Nov 86 15:34:30 UT; 72 jobs free out of 108 (66%).
Fri, 7 Nov 86 15:49:31 UT; 75 jobs free out of 108 (69%).
Fri, 7 Nov 86 16:04:33 UT; 68 jobs free out of 108 (62%).
Fri, 7 Nov 86 16:19:35 UT; 71 jobs free out of 108 (65%).
Fri, 7 Nov 86 16:34:33 UT; 70 jobs free out of 108 (64%).
Fri, 7 Nov 86 16:49:33 UT; 70 jobs free out of 108 (64%).
Fri, 7 Nov 86 17:04:33 UT; 68 jobs free out of 108 (62%).
Fri, 7 Nov 86 17:19:33 UT; 70 jobs free out of 108 (64%).
Fri, 7 Nov 86 17:34:35 UT; 69 jobs free out of 108 (63%).
Fri, 7 Nov 86 17:49:36 UT; 69 jobs free out of 108 (63%).
Fri, 7 Nov 86 18:04:35 UT; 67 jobs free out of 108 (62%).
Fri, 7 Nov 86 18:19:37 UT; 67 jobs free out of 108 (62%).
Fri, 7 Nov 86 18:34:35 UT; 67 jobs free out of 108 (62%).
Fri, 7 Nov 86 18:49:35 UT; 67 jobs free out of 108 (62%).
Fri, 7 Nov 86 19:04:35 UT; 70 jobs free out of 108 (64%).
Fri, 7 Nov 86 19:19:35 UT; 67 jobs free out of 108 (62%).
Fri, 7 Nov 86 19:34:36 UT; 65 jobs free out of 108 (60%).
Fri, 7 Nov 86 19:49:35 UT; 67 jobs free out of 108 (62%).
Fri, 7 Nov 86 20:04:37 UT; 68 jobs free out of 108 (62%).
Fri, 7 Nov 86 20:19:35 UT; 68 jobs free out of 108 (62%).
Fri, 7 Nov 86 20:34:35 UT; 69 jobs free out of 108 (63%).
Fri, 7 Nov 86 20:49:35 UT; 69 jobs free out of 108 (63%).
Fri, 7 Nov 86 21:04:36 UT; 69 jobs free out of 108 (63%).
Fri, 7 Nov 86 21:19:36 UT; 69 jobs free out of 108 (63%).
Fri, 7 Nov 86 21:34:36 UT; 70 jobs free out of 108 (64%).
Fri, 7 Nov 86 21:49:35 UT; 71 jobs free out of 108 (65%).
Fri, 7 Nov 86 22:04:36 UT; 68 jobs free out of 108 (62%).
Fri, 7 Nov 86 22:19:35 UT; 71 jobs free out of 108 (65%).
Fri, 7 Nov 86 22:34:35 UT; 71 jobs free out of 108 (65%).
Fri, 7 Nov 86 22:49:35 UT; 70 jobs free out of 108 (64%).
Fri, 7 Nov 86 23:04:36 UT; 67 jobs free out of 108 (62%).
Fri, 7 Nov 86 23:19:41 UT; 66 jobs free out of 108 (61%).
Fri, 7 Nov 86 23:34:47 UT; 65 jobs free out of 108 (60%).
Fri, 7 Nov 86 23:49:44 UT; 63 jobs free out of 108 (58%).
Sat, 8 Nov 86 0:04:38 UT; 66 jobs free out of 108 (61%).
Sat, 8 Nov 86 0:19:36 UT; 70 jobs free out of 108 (64%).
Sat, 8 Nov 86 0:34:36 UT; 72 jobs free out of 108 (66%).
Sat, 8 Nov 86 0:49:35 UT; 74 jobs free out of 108 (68%).
Sat, 8 Nov 86 1:04:35 UT; 70 jobs free out of 108 (64%).
Sat, 8 Nov 86 1:19:37 UT; 73 jobs free out of 108 (67%).
Sat, 8 Nov 86 1:34:37 UT; 76 jobs free out of 108 (70%).
Sat, 8 Nov 86 1:49:38 UT; 76 jobs free out of 108 (70%).
Sat, 8 Nov 86 2:04:39 UT; 75 jobs free out of 108 (69%).
Sat, 8 Nov 86 2:19:38 UT; 73 jobs free out of 108 (67%).
Sat, 8 Nov 86 2:34:38 UT; 76 jobs free out of 108 (70%).
Sat, 8 Nov 86 2:49:38 UT; 77 jobs free out of 108 (71%).
Sat, 8 Nov 86 3:04:38 UT; 77 jobs free out of 108 (71%).
Sat, 8 Nov 86 3:19:38 UT; 77 jobs free out of 108 (71%).
Sat, 8 Nov 86 3:34:38 UT; 76 jobs free out of 108 (70%).
Sat, 8 Nov 86 3:49:38 UT; 75 jobs free out of 108 (69%).
Sat, 8 Nov 86 4:04:38 UT; 76 jobs free out of 108 (70%).
Sat, 8 Nov 86 4:19:38 UT; 75 jobs free out of 108 (69%).
Sat, 8 Nov 86 4:34:39 UT; 76 jobs free out of 108 (70%).
Sat, 8 Nov 86 4:49:39 UT; 75 jobs free out of 108 (69%).
Sat, 8 Nov 86 5:04:38 UT; 75 jobs free out of 108 (69%).
Sat, 8 Nov 86 5:19:38 UT; 76 jobs free out of 108 (70%).
Sat, 8 Nov 86 5:34:38 UT; 75 jobs free out of 108 (69%).
Sat, 8 Nov 86 5:49:39 UT; 75 jobs free out of 108 (69%).
Sat, 8 Nov 86 6:04:39 UT; 73 jobs free out of 108 (67%).
Sat, 8 Nov 86 6:19:40 UT; 74 jobs free out of 108 (68%).
Sat, 8 Nov 86 6:34:40 UT; 73 jobs free out of 108 (67%).
Sat, 8 Nov 86 6:49:41 UT; 73 jobs free out of 108 (67%).
Sat, 8 Nov 86 7:04:42 UT; 71 jobs free out of 108 (65%).
Sat, 8 Nov 86 7:19:40 UT; 72 jobs free out of 108 (66%).
Sat, 8 Nov 86 7:34:41 UT; 74 jobs free out of 108 (68%).
Sat, 8 Nov 86 7:49:42 UT; 75 jobs free out of 108 (69%).
Sat, 8 Nov 86 8:04:42 UT; 76 jobs free out of 108 (70%).
Sat, 8 Nov 86 8:19:41 UT; 75 jobs free out of 108 (69%).
Sat, 8 Nov 86 8:34:41 UT; 76 jobs free out of 108 (70%).
Sat, 8 Nov 86 8:49:42 UT; 75 jobs free out of 108 (69%).
Sat, 8 Nov 86 9:04:43 UT; 76 jobs free out of 108 (70%).
Sat, 8 Nov 86 9:19:42 UT; 75 jobs free out of 108 (69%).
Sat, 8 Nov 86 9:34:41 UT; 75 jobs free out of 108 (69%).
Sat, 8 Nov 86 9:49:41 UT; 75 jobs free out of 108 (69%).
Sat, 8 Nov 86 10:04:41 UT; 74 jobs free out of 108 (68%).
Sat, 8 Nov 86 10:19:41 UT; 74 jobs free out of 108 (68%).
Sat, 8 Nov 86 10:34:41 UT; 74 jobs free out of 108 (68%).
Sat, 8 Nov 86 10:49:42 UT; 74 jobs free out of 108 (68%).
Sat, 8 Nov 86 11:04:37 UT; 74 jobs free out of 108 (68%).
Sat, 8 Nov 86 11:19:36 UT; 74 jobs free out of 108 (68%).
Sat, 8 Nov 86 11:34:36 UT; 75 jobs free out of 108 (69%).
Sat, 8 Nov 86 11:49:36 UT; 75 jobs free out of 108 (69%).
Sat, 8 Nov 86 12:04:36 UT; 75 jobs free out of 108 (69%).
Sat, 8 Nov 86 12:19:36 UT; 75 jobs free out of 108 (69%).
Sat, 8 Nov 86 12:34:37 UT; 75 jobs free out of 108 (69%).
Sat, 8 Nov 86 12:49:36 UT; 75 jobs free out of 108 (69%).
Sat, 8 Nov 86 13:04:36 UT; 75 jobs free out of 108 (69%).
Sat, 8 Nov 86 13:19:36 UT; 75 jobs free out of 108 (69%).
Sat, 8 Nov 86 13:34:36 UT; 75 jobs free out of 108 (69%).
Sat, 8 Nov 86 13:49:36 UT; 78 jobs free out of 108 (72%).
Sat, 8 Nov 86 14:04:36 UT; 79 jobs free out of 108 (73%).
Sat, 8 Nov 86 14:19:36 UT; 79 jobs free out of 108 (73%).
Sat, 8 Nov 86 14:34:36 UT; 78 jobs free out of 108 (72%).
Sat, 8 Nov 86 14:49:36 UT; 78 jobs free out of 108 (72%).
Sat, 8 Nov 86 15:04:36 UT; 77 jobs free out of 108 (71%).
Sat, 8 Nov 86 15:19:36 UT; 77 jobs free out of 108 (71%).
Sat, 8 Nov 86 15:34:36 UT; 76 jobs free out of 108 (70%).
Sat, 8 Nov 86 15:49:36 UT; 77 jobs free out of 108 (71%).
Sat, 8 Nov 86 16:04:36 UT; 77 jobs free out of 108 (71%).
Sat, 8 Nov 86 16:19:36 UT; 77 jobs free out of 108 (71%).
Sat, 8 Nov 86 16:34:36 UT; 78 jobs free out of 108 (72%).
Sat, 8 Nov 86 16:49:36 UT; 78 jobs free out of 108 (72%).
Sat, 8 Nov 86 17:04:36 UT; 79 jobs free out of 108 (73%).
Sat, 8 Nov 86 17:19:36 UT; 79 jobs free out of 108 (73%).
Sat, 8 Nov 86 17:34:36 UT; 79 jobs free out of 108 (73%).
Sat, 8 Nov 86 17:49:36 UT; 79 jobs free out of 108 (73%).
Sat, 8 Nov 86 18:04:36 UT; 78 jobs free out of 108 (72%).
Sat, 8 Nov 86 18:19:36 UT; 78 jobs free out of 108 (72%).
Sat, 8 Nov 86 18:34:36 UT; 78 jobs free out of 108 (72%).
Sat, 8 Nov 86 18:49:36 UT; 78 jobs free out of 108 (72%).
Sat, 8 Nov 86 19:04:36 UT; 78 jobs free out of 108 (72%).
Sat, 8 Nov 86 19:19:36 UT; 78 jobs free out of 108 (72%).
Sat, 8 Nov 86 19:34:36 UT; 78 jobs free out of 108 (72%).
Sat, 8 Nov 86 19:49:36 UT; 78 jobs free out of 108 (72%).
Sat, 8 Nov 86 20:04:36 UT; 78 jobs free out of 108 (72%).
Sat, 8 Nov 86 20:19:36 UT; 79 jobs free out of 108 (73%).
Sat, 8 Nov 86 20:34:36 UT; 79 jobs free out of 108 (73%).
Sat, 8 Nov 86 20:49:36 UT; 79 jobs free out of 108 (73%).
Sat, 8 Nov 86 21:04:36 UT; 79 jobs free out of 108 (73%).
Sat, 8 Nov 86 21:19:36 UT; 80 jobs free out of 108 (74%).
Sat, 8 Nov 86 21:34:36 UT; 79 jobs free out of 108 (73%).
Sat, 8 Nov 86 21:49:36 UT; 79 jobs free out of 108 (73%).
Sat, 8 Nov 86 22:04:36 UT; 78 jobs free out of 108 (72%).
Sat, 8 Nov 86 22:19:36 UT; 78 jobs free out of 108 (72%).
Sat, 8 Nov 86 22:34:36 UT; 78 jobs free out of 108 (72%).
Sat, 8 Nov 86 22:49:36 UT; 78 jobs free out of 108 (72%).
Sat, 8 Nov 86 23:04:36 UT; 78 jobs free out of 108 (72%).
Sat, 8 Nov 86 23:19:36 UT; 78 jobs free out of 108 (72%).
Sat, 8 Nov 86 23:34:37 UT; 76 jobs free out of 108 (70%).
Sat, 8 Nov 86 23:49:36 UT; 76 jobs free out of 108 (70%).
Sun, 9 Nov 86 0:04:36 UT; 76 jobs free out of 108 (70%).
Sun, 9 Nov 86 0:19:36 UT; 75 jobs free out of 108 (69%).
Sun, 9 Nov 86 0:34:36 UT; 74 jobs free out of 108 (68%).
Sun, 9 Nov 86 0:49:36 UT; 75 jobs free out of 108 (69%).
Sun, 9 Nov 86 6:49:15 UT; 102 jobs free out of 108 (94%).
Sun, 9 Nov 86 7:03:40 UT; 102 jobs free out of 108 (94%).
Sun, 9 Nov 86 7:18:40 UT; 101 jobs free out of 108 (93%).
Sun, 9 Nov 86 7:33:40 UT; 100 jobs free out of 108 (92%).
Sun, 9 Nov 86 7:48:40 UT; 100 jobs free out of 108 (92%).
Sun, 9 Nov 86 8:03:40 UT; 99 jobs free out of 108 (91%).
Sun, 9 Nov 86 8:18:40 UT; 99 jobs free out of 108 (91%).
Sun, 9 Nov 86 8:33:40 UT; 100 jobs free out of 108 (92%).
Sun, 9 Nov 86 8:48:40 UT; 99 jobs free out of 108 (91%).
Sun, 9 Nov 86 9:03:40 UT; 99 jobs free out of 108 (91%).
Sun, 9 Nov 86 9:18:40 UT; 99 jobs free out of 108 (91%).
Sun, 9 Nov 86 9:33:40 UT; 99 jobs free out of 108 (91%).
Sun, 9 Nov 86 9:48:40 UT; 99 jobs free out of 108 (91%).
Sun, 9 Nov 86 10:03:40 UT; 99 jobs free out of 108 (91%).
Sun, 9 Nov 86 10:18:40 UT; 99 jobs free out of 108 (91%).
Sun, 9 Nov 86 10:33:40 UT; 99 jobs free out of 108 (91%).
Sun, 9 Nov 86 10:48:40 UT; 100 jobs free out of 108 (92%).
Sun, 9 Nov 86 11:03:58 UT; 100 jobs free out of 108 (92%).
Sun, 9 Nov 86 11:18:58 UT; 100 jobs free out of 108 (92%).
Sun, 9 Nov 86 11:33:58 UT; 99 jobs free out of 108 (91%).
Sun, 9 Nov 86 11:48:58 UT; 99 jobs free out of 108 (91%).
Sun, 9 Nov 86 12:03:58 UT; 99 jobs free out of 108 (91%).
Sun, 9 Nov 86 12:18:58 UT; 99 jobs free out of 108 (91%).
Sun, 9 Nov 86 12:33:58 UT; 99 jobs free out of 108 (91%).
Sun, 9 Nov 86 12:48:58 UT; 99 jobs free out of 108 (91%).
Sun, 9 Nov 86 13:03:58 UT; 99 jobs free out of 108 (91%).
Sun, 9 Nov 86 13:18:58 UT; 99 jobs free out of 108 (91%).
Sun, 9 Nov 86 13:33:58 UT; 99 jobs free out of 108 (91%).
Sun, 9 Nov 86 13:48:58 UT; 99 jobs free out of 108 (91%).
Sun, 9 Nov 86 14:03:58 UT; 99 jobs free out of 108 (91%).
Sun, 9 Nov 86 14:18:58 UT; 99 jobs free out of 108 (91%).
Sun, 9 Nov 86 14:33:58 UT; 98 jobs free out of 108 (90%).
Sun, 9 Nov 86 14:48:58 UT; 99 jobs free out of 108 (91%).
Sun, 9 Nov 86 15:03:58 UT; 100 jobs free out of 108 (92%).
Sun, 9 Nov 86 15:18:58 UT; 99 jobs free out of 108 (91%).
Sun, 9 Nov 86 15:33:58 UT; 99 jobs free out of 108 (91%).
Sun, 9 Nov 86 15:48:58 UT; 99 jobs free out of 108 (91%).
Sun, 9 Nov 86 16:03:58 UT; 99 jobs free out of 108 (91%).
Sun, 9 Nov 86 16:18:58 UT; 98 jobs free out of 108 (90%).
Sun, 9 Nov 86 16:33:58 UT; 98 jobs free out of 108 (90%).
Sun, 9 Nov 86 16:48:58 UT; 98 jobs free out of 108 (90%).
Sun, 9 Nov 86 17:03:58 UT; 98 jobs free out of 108 (90%).
Sun, 9 Nov 86 17:18:58 UT; 98 jobs free out of 108 (90%).
Sun, 9 Nov 86 17:33:58 UT; 99 jobs free out of 108 (91%).
Sun, 9 Nov 86 17:48:58 UT; 99 jobs free out of 108 (91%).
Sun, 9 Nov 86 18:03:58 UT; 99 jobs free out of 108 (91%).
Sun, 9 Nov 86 18:18:58 UT; 99 jobs free out of 108 (91%).
Sun, 9 Nov 86 18:33:58 UT; 99 jobs free out of 108 (91%).
Sun, 9 Nov 86 18:48:58 UT; 99 jobs free out of 108 (91%).
Sun, 9 Nov 86 19:03:58 UT; 99 jobs free out of 108 (91%).
Sun, 9 Nov 86 19:18:58 UT; 99 jobs free out of 108 (91%).
Sun, 9 Nov 86 19:33:58 UT; 99 jobs free out of 108 (91%).
Sun, 9 Nov 86 19:48:58 UT; 98 jobs free out of 108 (90%).
Sun, 9 Nov 86 20:03:58 UT; 98 jobs free out of 108 (90%).
Sun, 9 Nov 86 20:18:58 UT; 98 jobs free out of 108 (90%).
Sun, 9 Nov 86 20:33:58 UT; 98 jobs free out of 108 (90%).
Sun, 9 Nov 86 20:48:58 UT; 98 jobs free out of 108 (90%).
Sun, 9 Nov 86 21:03:58 UT; 98 jobs free out of 108 (90%).
Sun, 9 Nov 86 21:18:58 UT; 98 jobs free out of 108 (90%).
Sun, 9 Nov 86 21:33:58 UT; 98 jobs free out of 108 (90%).
Sun, 9 Nov 86 21:48:58 UT; 98 jobs free out of 108 (90%).
Sun, 9 Nov 86 22:03:58 UT; 98 jobs free out of 108 (90%).
Sun, 9 Nov 86 22:18:58 UT; 98 jobs free out of 108 (90%).
Sun, 9 Nov 86 22:33:58 UT; 97 jobs free out o (89%).
Sun, 9 Nov 86 22:48:58 UT; 98 jobs free out of 108 (90%).
Sun, 9 Nov 86 23:03:58 UT; 98 jobs free out of 108 (90%).
Sun, 9 Nov 86 23:18:58 UT; 98 jobs free out of 108 (90%).
Sun, 9 Nov 86 23:33:58 UT; 98 jobs free out of 108 (90%).
Sun, 9 Nov 86 23:48:58 UT; 99 jobs free out of 108 (91%).
Mon, 10 Nov 86 0:03:58 UT; 99 jobs free out of 108 (91%).
Mon, 10 Nov 86 0:18:58 UT; 99 jobs free out of 108 (91%).
Mon, 10 Nov 86 0:33:58 UT; 99 jobs free out of 108 (91%).
Mon, 10 Nov 86 0:48:58 UT; 99 jobs free out of 108 (91%).
Mon, 10 Nov 86 1:03:58 UT; 98 jobs free out of 108 (90%).
Mon, 10 Nov 86 1:18:58 UT; 98 jobs free out of 108 (90%).
Mon, 10 Nov 86 1:33:58 UT; 96 jobs free out of 108 (88%).
Mon, 10 Nov 86 1:48:58 UT; 96 jobs free out of 108 (88%).
Mon, 10 Nov 86 2:03:58 UT; 96 jobs free out of 108 (88%).
Mon, 10 Nov 86 2:18:58 UT; 96 jobs free out of 108 (88%).
Mon, 10 Nov 86 2:33:58 UT; 95 jobs free out of 108 (87%).
Mon, 10 Nov 86 2:48:58 UT; 95 jobs free out of 108 (87%).
Mon, 10 Nov 86 3:03:58 UT; 96 jobs free out of 108 (88%).
Mon, 10 Nov 86 3:18:58 UT; 96 jobs free out of 108 (88%).
Mon, 10 Nov 86 3:33:58 UT; 96 jobs free out of 108 (88%).
Mon, 10 Nov 86 3:48:58 UT; 97 jobs free out of 108 (89%).
Mon, 10 Nov 86 4:03:58 UT; 95 jobs free out of 108 (87%).
Mon, 10 Nov 86 4:19:00 UT; 95 jobs free out of 108 (87%).
Mon, 10 Nov 86 4:34:00 UT; 96 jobs free out of 108 (88%).
Mon, 10 Nov 86 4:49:00 UT; 94 jobs free out of 108 (87%).
Mon, 10 Nov 86 5:04:00 UT; 94 jobs free out of 108 (87%).
Mon, 10 Nov 86 5:19:00 UT; 94 jobs free out of 108 (87%).
Mon, 10 Nov 86 5:34:00 UT; 94 jobs free out of 108 (87%).
Mon, 10 Nov 86 5:49:02 UT; 95 jobs free out of 108 (87%).
Mon, 10 Nov 86 6:04:03 UT; 94 jobs free out of 108 (87%).
Mon, 10 Nov 86 6:19:04 UT; 93 jobs free out of 108 (86%).
Mon, 10 Nov 86 6:34:04 UT; 94 jobs free out of 108 (87%).
Mon, 10 Nov 86 6:49:04 UT; 94 jobs free out of 108 (87%).
Mon, 10 Nov 86 7:04:04 UT; 94 jobs free out of 108 (87%).
Mon, 10 Nov 86 7:19:05 UT; 92 jobs free out of 108 (85%).
Mon, 10 Nov 86 7:34:05 UT; 95 jobs free out of 108 (87%).
Mon, 10 Nov 86 7:49:05 UT; 96 jobs free out of 108 (88%).
Mon, 10 Nov 86 8:04:05 UT; 97 jobs free out of 108 (89%).
Mon, 10 Nov 86 8:19:05 UT; 97 jobs free out of 108 (89%).
Mon, 10 Nov 86 8:34:05 UT; 97 jobs free out of 108 (89%).
Mon, 10 Nov 86 8:49:06 UT; 96 jobs free out of 108 (88%).
Mon, 10 Nov 86 9:04:07 UT; 96 jobs free out of 108 (88%).
Mon, 10 Nov 86 9:19:10 UT; 96 jobs free out of 108 (88%).
Mon, 10 Nov 86 9:34:10 UT; 97 jobs free out of 108 (89%).
Mon, 10 Nov 86 9:49:10 UT; 97 jobs free out of 108 (89%).
Mon, 10 Nov 86 10:04:10 UT; 97 jobs free out of 108 (89%).
Mon, 10 Nov 86 10:19:10 UT; 97 jobs free out of 108 (89%).
Mon, 10 Nov 86 10:34:10 UT; 96 jobs free out of 108 (88%).
Mon, 10 Nov 86 10:49:10 UT; 95 jobs free out of 108 (87%).
Mon, 10 Nov 86 11:04:02 UT; 94 jobs free out of 108 (87%).
Mon, 10 Nov 86 11:19:02 UT; 96 jobs free out of 108 (88%).
Mon, 10 Nov 86 11:34:02 UT; 96 jobs free out of 108 (88%).
Mon, 10 Nov 86 11:49:02 UT; 95 jobs free out of 108 (87%).
Mon, 10 Nov 86 12:04:02 UT; 94 jobs free out of 108 (87%).
Mon, 10 Nov 86 12:19:02 UT; 95 jobs free out of 108 (87%).
Mon, 10 Nov 86 12:34:02 UT; 95 jobs free out of 108 (87%).
Mon, 10 Nov 86 12:49:04 UT; 94 jobs free out of 108 (87%).
Mon, 10 Nov 86 13:04:03 UT; 96 jobs free out of 108 (88%).
Mon, 10 Nov 86 13:19:03 UT; 94 jobs free out of 108 (87%).
Mon, 10 Nov 86 13:34:03 UT; 95 jobs free out of 108 (87%).
Mon, 10 Nov 86 13:49:03 UT; 94 jobs free out of 108 (87%).
Mon, 10 Nov 86 14:04:05 UT; 93 jobs free out of 108 (86%).
Mon, 10 Nov 86 14:19:05 UT; 94 jobs free out of 108 (87%).
Mon, 10 Nov 86 14:34:05 UT; 93 jobs free out of 108 (86%).
Mon, 10 Nov 86 14:49:05 UT; 92 jobs free out of 108 (85%).
Mon, 10 Nov 86 15:04:05 UT; 89 jobs free out of 108 (82%).
Mon, 10 Nov 86 15:19:06 UT; 88 jobs free out of 108 (81%).
Mon, 10 Nov 86 15:34:06 UT; 88 jobs free out of 108 (81%).
Mon, 10 Nov 86 15:49:06 UT; 87 jobs free out of 108 (80%).
Mon, 10 Nov 86 16:04:06 UT; 87 jobs free out of 108 (80%).
Mon, 10 Nov 86 16:19:06 UT; 88 jobs free out of 108 (81%).
Mon, 10 Nov 86 16:34:06 UT; 86 jobs free out of 108 (79%).
Mon, 10 Nov 86 16:49:06 UT; 86 jobs free out of 108 (79%).
Mon, 10 Nov 86 17:04:06 UT; 86 jobs free out of 108 (79%).
Mon, 10 Nov 86 17:19:07 UT; 88 jobs free out of 108 (81%).
Mon, 10 Nov 86 17:34:07 UT; 88 jobs free out of 108 (81%).
Mon, 10 Nov 86 17:49:07 UT; 88 jobs free out of 108 (81%).
Mon, 10 Nov 86 18:04:07 UT; 83 jobs free out of 108 (76%).
Mon, 10 Nov 86 18:19:07 UT; 84 jobs free out of 108 (77%).
Mon, 10 Nov 86 18:34:08 UT; 84 jobs free out of 108 (77%).
Mon, 10 Nov 86 18:49:07 UT; 83 jobs free out of 108 (76%).
Mon, 10 Nov 86 19:04:07 UT; 80 jobs free out of 108 (74%).
Mon, 10 Nov 86 19:19:07 UT; 82 jobs free out of 108 (75%).
Mon, 10 Nov 86 19:34:07 UT; 84 jobs free out of 108 (77%).
Mon, 10 Nov 86 19:49:07 UT; 83 jobs free out of 108 (76%).
Mon, 10 Nov 86 20:04:09 UT; 79 jobs free out of 108 (73%).
Mon, 10 Nov 86 20:19:08 UT; 80 jobs free out of 108 (74%).
Mon, 10 Nov 86 20:34:08 UT; 81 jobs free out of 108 (75%).
Mon, 10 Nov 86 20:49:08 UT; 81 jobs free out of 108 (75%).
Mon, 10 Nov 86 21:04:09 UT; 76 jobs free out of 108 (70%).
Mon, 10 Nov 86 21:19:08 UT; 75 jobs free out of 108 (69%).
Mon, 10 Nov 86 21:34:08 UT; 76 jobs free out of 108 (70%).
Mon, 10 Nov 86 21:49:08 UT; 72 jobs free out of 108 (66%).
Mon, 10 Nov 86 22:04:11 UT; 68 jobs free out of 108 (62%).
Mon, 10 Nov 86 22:19:11 UT; 68 jobs free out of 108 (62%).
Mon, 10 Nov 86 22:34:15 UT; 63 jobs free out of 108 (58%).
Mon, 10 Nov 86 22:49:11 UT; 65 jobs free out of 108 (60%).
Mon, 10 Nov 86 23:04:13 UT; 72 jobs free out of 108 (66%).
Mon, 10 Nov 86 23:19:12 UT; 72 jobs free out of 108 (66%).
Mon, 10 Nov 86 23:34:13 UT; 64 jobs free out of 108 (59%).
Mon, 10 Nov 86 23:49:16 UT; 62 jobs free out of 108 (57%).
Tue, 11 Nov 86 0:04:13 UT; 65 jobs free out of 108 (60%).
Tue, 11 Nov 86 0:19:13 UT; 67 jobs free out of 108 (62%).
Tue, 11 Nov 86 0:34:13 UT; 67 jobs free out of 108 (62%).
Tue, 11 Nov 86 0:49:13 UT; 71 jobs free out of 108 (65%).
Tue, 11 Nov 86 1:04:15 UT; 75 jobs free out of 108 (69%).
Tue, 11 Nov 86 1:19:14 UT; 74 jobs free out of 108 (68%).
Tue, 11 Nov 86 1:34:15 UT; 74 jobs free out of 108 (68%).
Tue, 11 Nov 86 1:49:16 UT; 71 jobs free out of 108 (65%).
Tue, 11 Nov 86 2:04:15 UT; 71 jobs free out of 108 (65%).
Tue, 11 Nov 86 2:19:15 UT; 71 jobs free out of 108 (65%).
Tue, 11 Nov 86 2:34:15 UT; 73 jobs free out of 108 (67%).
Tue, 11 Nov 86 2:49:15 UT; 76 jobs free out of 108 (70%).
Tue, 11 Nov 86 3:04:18 UT; 78 jobs free out of 108 (72%).
Tue, 11 Nov 86 3:19:16 UT; 78 jobs free out of 108 (72%).
Tue, 11 Nov 86 3:34:16 UT; 77 jobs free out of 108 (71%).
Tue, 11 Nov 86 3:49:16 UT; 80 jobs free out of 108 (74%).
Tue, 11 Nov 86 4:04:18 UT; 79 jobs free out of 108 (73%).
Tue, 11 Nov 86 4:19:20 UT; 80 jobs free out of 108 (74%).
Tue, 11 Nov 86 4:34:18 UT; 80 jobs free out of 108 (74%).
Tue, 11 Nov 86 4:49:17 UT; 80 jobs free out of 108 (74%).
Tue, 11 Nov 86 5:04:18 UT; 80 jobs free out of 108 (74%).
Tue, 11 Nov 86 5:19:18 UT; 79 jobs free out of 108 (73%).
Tue, 11 Nov 86 5:34:18 UT; 78 jobs free out of 108 (72%).
Tue, 11 Nov 86 5:49:18 UT; 80 jobs free out of 108 (74%).
Tue, 11 Nov 86 6:04:19 UT; 81 jobs free out of 108 (75%).
Tue, 11 Nov 86 6:19:20 UT; 80 jobs free out of 108 (74%).
Tue, 11 Nov 86 6:34:19 UT; 81 jobs free out of 108 (75%).
Tue, 11 Nov 86 6:49:19 UT; 81 jobs free out of 108 (75%).
Tue, 11 Nov 86 7:04:19 UT; 81 jobs free out of 108 (75%).
Tue, 11 Nov 86 7:19:19 UT; 79 jobs free out of 108 (73%).
Tue, 11 Nov 86 7:34:23 UT; 79 jobs free out of 108 (73%).
Tue, 11 Nov 86 7:49:22 UT; 82 jobs free out of 108 (75%).
Tue, 11 Nov 86 8:04:22 UT; 82 jobs free out of 108 (75%).
Tue, 11 Nov 86 8:19:22 UT; 84 jobs free out of 108 (77%).
Tue, 11 Nov 86 8:34:22 UT; 83 jobs free out of 108 (76%).
Tue, 11 Nov 86 8:49:22 UT; 84 jobs free out of 108 (77%).
Tue, 11 Nov 86 9:04:22 UT; 83 jobs free out of 108 (76%).
Tue, 11 Nov 86 9:19:22 UT; 84 jobs free out of 108 (77%).
Tue, 11 Nov 86 9:34:22 UT; 84 jobs free out of 108 (77%).
Tue, 11 Nov 86 9:49:22 UT; 84 jobs free out of 108 (77%).
Tue, 11 Nov 86 10:04:24 UT; 83 jobs free out of 108 (76%).
Tue, 11 Nov 86 10:19:22 UT; 84 jobs free out of 108 (77%).
Tue, 11 Nov 86 10:34:22 UT; 84 jobs free out of 108 (77%).
Tue, 11 Nov 86 10:49:22 UT; 84 jobs free out of 108 (77%).
Tue, 11 Nov 86 11:04:18 UT; 84 jobs free out of 108 (77%).
Tue, 11 Nov 86 11:19:17 UT; 85 jobs free out of 108 (78%).
Tue, 11 Nov 86 11:34:17 UT; 85 jobs free out of 108 (78%).
Tue, 11 Nov 86 11:49:17 UT; 85 jobs free out of 108 (78%).
Tue, 11 Nov 86 12:04:17 UT; 84 jobs free out of 108 (77%).
Tue, 11 Nov 86 12:19:17 UT; 84 jobs free out of 108 (77%).
Tue, 11 Nov 86 12:34:17 UT; 84 jobs free out of 108 (77%).
Tue, 11 Nov 86 12:49:17 UT; 84 jobs free out of 108 (77%).
Tue, 11 Nov 86 13:04:17 UT; 83 jobs free out of 108 (76%).
Tue, 11 Nov 86 13:19:17 UT; 84 jobs free out of 108 (77%).
Tue, 11 Nov 86 13:34:17 UT; 84 jobs free out of 108 (77%).
Tue, 11 Nov 86 13:49:17 UT; 84 jobs free out of 108 (77%).
Tue, 11 Nov 86 14:04:17 UT; 82 jobs free out of 108 (75%).
Tue, 11 Nov 86 14:19:17 UT; 82 jobs free out of 108 (75%).
Tue, 11 Nov 86 14:34:17 UT; 83 jobs free out of 108 (76%).
Tue, 11 Nov 86 14:49:17 UT; 81 jobs free out of 108 (75%).
Tue, 11 Nov 86 15:04:18 UT; 78 jobs free out of 108 (72%).
Tue, 11 Nov 86 15:19:18 UT; 78 jobs free out of 108 (72%).
Tue, 11 Nov 86 15:34:20 UT; 75 jobs free out of 108 (69%).
Tue, 11 Nov 86 15:49:22 UT; 76 jobs free out of 108 (70%).
Tue, 11 Nov 86 16:04:23 UT; 72 jobs free out of 108 (66%).
Tue, 11 Nov 86 16:19:25 UT; 74 jobs free out of 108 (68%).
Tue, 11 Nov 86 16:34:24 UT; 79 jobs free out of 108 (73%).
Tue, 11 Nov 86 16:49:25 UT; 78 jobs free out of 108 (72%).
Tue, 11 Nov 86 17:04:24 UT; 77 jobs free out of 108 (71%).
Tue, 11 Nov 86 17:19:25 UT; 77 jobs free out of 108 (71%).
Tue, 11 Nov 86 17:34:24 UT; 77 jobs free out of 108 (71%).
Tue, 11 Nov 86 17:49:26 UT; 76 jobs free out of 108 (70%).
Tue, 11 Nov 86 18:04:28 UT; 76 jobs free out of 108 (70%).
Tue, 11 Nov 86 18:19:32 UT; 76 jobs free out of 108 (70%).
Tue, 11 Nov 86 18:34:32 UT; 75 jobs free out of 108 (69%).
Tue, 11 Nov 86 18:49:32 UT; 77 jobs free out of 108 (71%).
Tue, 11 Nov 86 19:04:33 UT; 75 jobs free out of 108 (69%).
Tue, 11 Nov 86 19:19:32 UT; 74 jobs free out of 108 (68%).
Tue, 11 Nov 86 19:34:33 UT; 73 jobs free out of 108 (67%).
Tue, 11 Nov 86 19:49:32 UT; 72 jobs free out of 108 (66%).
Tue, 11 Nov 86 20:04:34 UT; 72 jobs free out of 108 (66%).
Tue, 11 Nov 86 20:19:36 UT; 68 jobs free out of 108 (62%).
Tue, 11 Nov 86 20:34:35 UT; 67 jobs free out of 108 (62%).
Tue, 11 Nov 86 20:49:35 UT; 67 jobs free out of 108 (62%).
Tue, 11 Nov 86 21:04:36 UT; 65 jobs free out of 108 (60%).
Tue, 11 Nov 86 21:19:36 UT; 65 jobs free out of 108 (60%).
Tue, 11 Nov 86 21:34:36 UT; 66 jobs free out of 108 (61%).
Tue, 11 Nov 86 21:49:36 UT; 66 jobs free out of 108 (61%).
Tue, 11 Nov 86 22:04:35 UT; 65 jobs free out of 108 (60%).
Tue, 11 Nov 86 22:19:38 UT; 68 jobs free out of 108 (62%).
Tue, 11 Nov 86 22:27:58 UT; 101 jobs free out of 108 (93%).
Tue, 11 Nov 86 22:42:15 UT; 98 jobs free out of 108 (90%).
Tue, 11 Nov 86 22:57:15 UT; 96 jobs free out of 108 (88%).
Tue, 11 Nov 86 23:12:15 UT; 94 jobs free out of 108 (87%).
Tue, 11 Nov 86 23:27:15 UT; 94 jobs free out of 108 (87%).
Tue, 11 Nov 86 23:42:16 UT; 92 jobs free out of 108 (85%).
Tue, 11 Nov 86 23:57:16 UT; 93 jobs free out of 108 (86%).
Wed, 12 Nov 86 0:12:16 UT; 93 jobs free out of 108 (86%).
Wed, 12 Nov 86 0:27:17 UT; 93 jobs free out of 108 (86%).
Wed, 12 Nov 86 0:42:16 UT; 92 jobs free out of 108 (85%).
Wed, 12 Nov 86 0:57:24 UT; 84 jobs free out of 108 (77%).
Wed, 12 Nov 86 1:12:17 UT; 89 jobs free out of 108 (82%).
Wed, 12 Nov 86 1:27:17 UT; 90 jobs free out of 108 (83%).
Wed, 12 Nov 86 3:24:24 UT; 101 jobs free out of 108 (93%).
Wed, 12 Nov 86 3:39:16 UT; 100 jobs free out of 108 (92%).
Wed, 12 Nov 86 3:54:16 UT; 100 jobs free out of 108 (92%).
Wed, 12 Nov 86 4:09:16 UT; 98 jobs free out of 108 (90%).
Wed, 12 Nov 86 4:24:16 UT; 97 jobs free out of 108 (89%).
Wed, 12 Nov 86 4:39:16 UT; 97 jobs free out of 108 (89%).
Wed, 12 Nov 86 4:54:16 UT; 96 jobs free out of 108 (88%).
Wed, 12 Nov 86 5:09:16 UT; 97 jobs free out of 108 (89%).
Wed, 12 Nov 86 5:24:16 UT; 96 jobs free out of 108 (88%).
Wed, 12 Nov 86 5:39:16 UT; 100 jobs free out of 108 (92%).
Wed, 12 Nov 86 5:54:16 UT; 99 jobs free out of 108 (91%).
Wed, 12 Nov 86 6:09:16 UT; 100 jobs free out of 108 (92%).
Wed, 12 Nov 86 6:24:16 UT; 98 jobs free out of 108 (90%).
Wed, 12 Nov 86 6:39:16 UT; 98 jobs free out of 108 (90%).
Wed, 12 Nov 86 6:54:16 UT; 98 jobs free out of 108 (90%).
Wed, 12 Nov 86 7:09:18 UT; 98 jobs free out of 108 (90%).
Wed, 12 Nov 86 7:24:18 UT; 99 jobs free out of 108 (91%).
Wed, 12 Nov 86 7:39:19 UT; 99 jobs free out of 108 (91%).
Wed, 12 Nov 86 7:54:20 UT; 100 jobs free out of 108 (92%).
Wed, 12 Nov 86 8:09:23 UT; 98 jobs free out of 108 (90%).
Wed, 12 Nov 86 8:24:26 UT; 98 jobs free out of 108 (90%).
Wed, 12 Nov 86 8:39:26 UT; 100 jobs free out of 108 (92%).
Wed, 12 Nov 86 8:54:27 UT; 98 jobs free out of 108 (90%).
Wed, 12 Nov 86 9:09:27 UT; 99 jobs free out of 108 (91%).
Wed, 12 Nov 86 9:24:27 UT; 99 jobs free out of 108 (91%).
Wed, 12 Nov 86 9:39:27 UT; 97 jobs free out of 108 (89%).
Wed, 12 Nov 86 9:54:28 UT; 99 jobs free out of 108 (91%).
Wed, 12 Nov 86 10:09:29 UT; 99 jobs free out of 108 (91%).
Wed, 12 Nov 86 10:24:30 UT; 98 jobs free out of 108 (90%).
Wed, 12 Nov 86 10:39:31 UT; 99 jobs free out of 108 (91%).
Wed, 12 Nov 86 10:54:31 UT; 99 jobs free out of 108 (91%).
Wed, 12 Nov 86 11:09:23 UT; 99 jobs free out of 108 (91%).
Wed, 12 Nov 86 11:24:23 UT; 100 jobs free out of 108 (92%).
Wed, 12 Nov 86 11:39:23 UT; 100 jobs free out of 108 (92%).
Wed, 12 Nov 86 11:54:23 UT; 99 jobs free out of 108 (91%).
Wed, 12 Nov 86 12:09:23 UT; 99 jobs free out of 108 (91%).
Wed, 12 Nov 86 12:24:23 UT; 99 jobs free out of 108 (91%).
Wed, 12 Nov 86 12:39:23 UT; 98 jobs free out of 108 (90%).
Wed, 12 Nov 86 12:54:23 UT; 96 jobs free out of 108 (88%).
Wed, 12 Nov 86 13:09:24 UT; 97 jobs free out of 108 (89%).
Wed, 12 Nov 86 13:24:24 UT; 97 jobs free out of 108 (89%).
Wed, 12 Nov 86 13:39:24 UT; 97 jobs free out of 108 (89%).
Wed, 12 Nov 86 13:54:24 UT; 97 jobs free out of 108 (89%).
Wed, 12 Nov 86 14:09:25 UT; 96 jobs free out of 108 (88%).
Wed, 12 Nov 86 14:24:28 UT; 94 jobs free out of 108 (87%).
Wed, 12 Nov 86 14:39:29 UT; 94 jobs free out of 108 (87%).
Wed, 12 Nov 86 14:54:29 UT; 93 jobs free out of 108 (86%).
Wed, 12 Nov 86 15:09:31 UT; 90 jobs free out of 108 (83%).
Wed, 12 Nov 86 15:24:32 UT; 84 jobs free out of 108 (77%).
Wed, 12 Nov 86 15:39:33 UT; 83 jobs free out of 108 (76%).
Wed, 12 Nov 86 15:54:34 UT; 83 jobs free out of 108 (76%).
Wed, 12 Nov 86 16:09:34 UT; 86 jobs free out of 108 (79%).
Wed, 12 Nov 86 16:24:35 UT; 86 jobs free out of 108 (79%).
Wed, 12 Nov 86 16:39:36 UT; 84 jobs free out of 108 (77%).
Wed, 12 Nov 86 16:54:39 UT; 84 jobs free out of 108 (77%).
Wed, 12 Nov 86 17:09:38 UT; 82 jobs free out of 108 (75%).
Wed, 12 Nov 86 17:24:39 UT; 82 jobs free out of 108 (75%).
Wed, 12 Nov 86 17:39:39 UT; 83 jobs free out of 108 (76%).
Wed, 12 Nov 86 17:54:40 UT; 83 jobs free out of 108 (76%).
Wed, 12 Nov 86 18:09:43 UT; 82 jobs free out of 108 (75%).
Wed, 12 Nov 86 18:24:43 UT; 83 jobs free out of 108 (76%).
Wed, 12 Nov 86 18:39:42 UT; 77 jobs free out of 108 (71%).
Wed, 12 Nov 86 18:54:41 UT; 75 jobs free out of 108 (69%).
Wed, 12 Nov 86 19:09:43 UT; 74 jobs free out of 108 (68%).
Wed, 12 Nov 86 19:24:45 UT; 74 jobs free out of 108 (68%).
Wed, 12 Nov 86 19:39:45 UT; 74 jobs free out of 108 (68%).
Wed, 12 Nov 86 19:54:45 UT; 70 jobs free out of 108 (64%).
Wed, 12 Nov 86 20:09:45 UT; 73 jobs free out of 108 (67%).
Wed, 12 Nov 86 20:24:47 UT; 75 jobs free out of 108 (69%).
Wed, 12 Nov 86 20:39:48 UT; 76 jobs free out of 108 (70%).
Wed, 12 Nov 86 20:54:48 UT; 76 jobs free out of 108 (70%).
Wed, 12 Nov 86 21:09:48 UT; 77 jobs free out of 108 (71%).
Wed, 12 Nov 86 21:24:48 UT; 76 jobs free out of 108 (70%).
Wed, 12 Nov 86 21:39:48 UT; 75 jobs free out of 108 (69%).
Wed, 12 Nov 86 21:54:48 UT; 76 jobs free out of 108 (70%).
Wed, 12 Nov 86 22:09:48 UT; 77 jobs free out of 108 (71%).
Wed, 12 Nov 86 22:24:48 UT; 78 jobs free out of 108 (72%).
Wed, 12 Nov 86 22:39:49 UT; 79 jobs free out of 108 (73%).
Wed, 12 Nov 86 22:54:48 UT; 79 jobs free out of 108 (73%).
Wed, 12 Nov 86 23:09:48 UT; 79 jobs free out of 108 (73%).
Wed, 12 Nov 86 23:24:48 UT; 79 jobs free out of 108 (73%).
Wed, 12 Nov 86 23:39:48 UT; 80 jobs free out of 108 (74%).
Wed, 12 Nov 86 23:54:49 UT; 77 jobs free out of 108 (71%).
Thu, 13 Nov 86 0:09:49 UT; 81 jobs free out of 108 (75%).
Thu, 13 Nov 86 0:24:49 UT; 83 jobs free out of 108 (76%).
Thu, 13 Nov 86 0:39:49 UT; 82 jobs free out of 108 (75%).
Thu, 13 Nov 86 0:54:51 UT; 77 jobs free out of 108 (71%).
Thu, 13 Nov 86 1:09:51 UT; 82 jobs free out of 108 (75%).
Thu, 13 Nov 86 1:24:58 UT; 83 jobs free out of 108 (76%).
Thu, 13 Nov 86 1:39:53 UT; 83 jobs free out of 108 (76%).
Thu, 13 Nov 86 1:54:50 UT; 86 jobs free out of 108 (79%).
Thu, 13 Nov 86 2:09:51 UT; 86 jobs free out of 108 (79%).
Thu, 13 Nov 86 2:24:50 UT; 86 jobs free out of 108 (79%).
Thu, 13 Nov 86 2:39:50 UT; 85 jobs free out of 108 (78%).
Thu, 13 Nov 86 2:54:50 UT; 87 jobs free out of 108 (80%).
Thu, 13 Nov 86 3:09:50 UT; 87 jobs free out of 108 (80%).
Thu, 13 Nov 86 3:24:51 UT; 87 jobs free out of 108 (80%).
Thu, 13 Nov 86 3:39:51 UT; 87 jobs free out of 108 (80%).
Thu, 13 Nov 86 3:54:50 UT; 86 jobs free out of 108 (79%).
Thu, 13 Nov 86 4:09:50 UT; 84 jobs free out of 108 (77%).
Thu, 13 Nov 86 4:24:51 UT; 84 jobs free out of 108 (77%).
Thu, 13 Nov 86 4:39:50 UT; 83 jobs free out of 108 (76%).
Thu, 13 Nov 86 4:54:50 UT; 84 jobs free out of 108 (77%).
Thu, 13 Nov 86 5:09:50 UT; 82 jobs free out of 108 (75%).
Thu, 13 Nov 86 5:24:50 UT; 83 jobs free out of 108 (76%).
Thu, 13 Nov 86 5:39:50 UT; 84 jobs free out of 108 (77%).
Thu, 13 Nov 86 5:54:52 UT; 85 jobs free out of 108 (78%).
Thu, 13 Nov 86 6:09:52 UT; 85 jobs free out of 108 (78%).
Thu, 13 Nov 86 6:24:52 UT; 86 jobs free out of 108 (79%).
Thu, 13 Nov 86 6:39:53 UT; 86 jobs free out of 108 (79%).
Thu, 13 Nov 86 6:54:55 UT; 86 jobs free out of 108 (79%).
Thu, 13 Nov 86 7:09:55 UT; 87 jobs free out of 108 (80%).
Thu, 13 Nov 86 7:24:58 UT; 87 jobs free out of 108 (80%).
Thu, 13 Nov 86 7:40:04 UT; 87 jobs free out of 108 (80%).
Thu, 13 Nov 86 7:55:04 UT; 86 jobs free out of 108 (79%).
Thu, 13 Nov 86 8:10:04 UT; 86 jobs free out of 108 (79%).
Thu, 13 Nov 86 8:25:07 UT; 87 jobs free out of 108 (80%).
Thu, 13 Nov 86 8:40:07 UT; 85 jobs free out of 108 (78%).
Thu, 13 Nov 86 8:55:07 UT; 84 jobs free out of 108 (77%).
Thu, 13 Nov 86 9:10:07 UT; 81 jobs free out of 108 (75%).
Thu, 13 Nov 86 9:25:09 UT; 82 jobs free out of 108 (75%).
Thu, 13 Nov 86 9:40:08 UT; 82 jobs free out of 108 (75%).
Thu, 13 Nov 86 9:55:08 UT; 82 jobs free out of 108 (75%).
Thu, 13 Nov 86 10:10:09 UT; 81 jobs free out of 108 (75%).
Thu, 13 Nov 86 10:25:09 UT; 83 jobs free out of 108 (76%).
Thu, 13 Nov 86 10:40:09 UT; 84 jobs free out of 108 (77%).
Thu, 13 Nov 86 10:55:09 UT; 83 jobs free out of 108 (76%).
Thu, 13 Nov 86 11:10:28 UT; 85 jobs free out of 108 (78%).
Thu, 13 Nov 86 11:25:26 UT; 85 jobs free out of 108 (78%).
Thu, 13 Nov 86 11:40:26 UT; 84 jobs free out of 108 (77%).
Thu, 13 Nov 86 11:55:27 UT; 84 jobs free out of 108 (77%).
Thu, 13 Nov 86 12:10:28 UT; 84 jobs free out of 108 (77%).
Thu, 13 Nov 86 12:25:28 UT; 84 jobs free out of 108 (77%).
Thu, 13 Nov 86 12:40:28 UT; 84 jobs free out of 108 (77%).
Thu, 13 Nov 86 12:55:29 UT; 82 jobs free out of 108 (75%).
Thu, 13 Nov 86 13:10:28 UT; 82 jobs free out of 108 (75%).
Thu, 13 Nov 86 13:25:28 UT; 81 jobs free out of 108 (75%).
Thu, 13 Nov 86 13:40:28 UT; 82 jobs free out of 108 (75%).
Thu, 13 Nov 86 13:55:28 UT; 84 jobs free out of 108 (77%).
Thu, 13 Nov 86 14:10:28 UT; 83 jobs free out of 108 (76%).
Thu, 13 Nov 86 14:25:28 UT; 83 jobs free out of 108 (76%).
Thu, 13 Nov 86 14:40:29 UT; 83 jobs free out of 108 (76%).
Thu, 13 Nov 86 14:55:28 UT; 82 jobs free out of 108 (75%).
Thu, 13 Nov 86 15:10:29 UT; 82 jobs free out of 108 (75%).
Thu, 13 Nov 86 15:25:29 UT; 81 jobs free out of 108 (75%).
Thu, 13 Nov 86 15:40:29 UT; 82 jobs free out of 108 (75%).
Thu, 13 Nov 86 15:55:29 UT; 81 jobs free out of 108 (75%).
Thu, 13 Nov 86 16:10:29 UT; 80 jobs free out of 108 (74%).
Thu, 13 Nov 86 16:25:29 UT; 81 jobs free out of 108 (75%).
Thu, 13 Nov 86 16:40:29 UT; 81 jobs free out of 108 (75%).
Thu, 13 Nov 86 16:55:29 UT; 77 jobs free out of 108 (71%).
Thu, 13 Nov 86 17:10:33 UT; 78 jobs free out of 108 (72%).
Thu, 13 Nov 86 17:25:31 UT; 81 jobs free out of 108 (75%).
Thu, 13 Nov 86 17:40:32 UT; 79 jobs free out of 108 (73%).
Thu, 13 Nov 86 17:55:35 UT; 78 jobs free out of 108 (72%).
Thu, 13 Nov 86 18:10:34 UT; 76 jobs free out of 108 (70%).
Thu, 13 Nov 86 18:25:33 UT; 76 jobs free out of 108 (70%).
Thu, 13 Nov 86 18:40:33 UT; 78 jobs free out of 108 (72%).
Thu, 13 Nov 86 18:55:33 UT; 76 jobs free out of 108 (70%).
Thu, 13 Nov 86 19:10:45 UT; 73 jobs free out of 108 (67%).
Thu, 13 Nov 86 19:25:45 UT; 71 jobs free out of 108 (65%).
Thu, 13 Nov 86 19:40:48 UT; 71 jobs free out of 108 (65%).
Thu, 13 Nov 86 19:55:45 UT; 71 jobs free out of 108 (65%).
Thu, 13 Nov 86 20:10:45 UT; 73 jobs free out of 108 (67%).
Thu, 13 Nov 86 20:25:46 UT; 69 jobs free out of 108 (63%).
Thu, 13 Nov 86 20:40:46 UT; 73 jobs free out of 108 (67%).
Thu, 13 Nov 86 20:55:47 UT; 70 jobs free out of 108 (64%).
Thu, 13 Nov 86 21:10:46 UT; 69 jobs free out of 108 (63%).
Thu, 13 Nov 86 21:25:46 UT; 73 jobs free out of 108 (67%).
Thu, 13 Nov 86 21:40:47 UT; 69 jobs free out of 108 (63%).
Thu, 13 Nov 86 21:55:47 UT; 67 jobs free out of 108 (62%).
Thu, 13 Nov 86 22:10:46 UT; 67 jobs free out of 108 (62%).
Thu, 13 Nov 86 22:25:46 UT; 63 jobs free out of 108 (58%).
Thu, 13 Nov 86 22:40:50 UT; 64 jobs free out of 108 (59%).
Thu, 13 Nov 86 22:55:48 UT; 68 jobs free out of 108 (62%).
Thu, 13 Nov 86 23:10:50 UT; 67 jobs free out of 108 (62%).
Thu, 13 Nov 86 23:25:51 UT; 68 jobs free out of 108 (62%).
Thu, 13 Nov 86 23:40:50 UT; 69 jobs free out of 108 (63%).
Thu, 13 Nov 86 23:55:52 UT; 69 jobs free out of 108 (63%).
Fri, 14 Nov 86 0:10:53 UT; 66 jobs free out of 108 (61%).
Fri, 14 Nov 86 0:25:53 UT; 68 jobs free out of 108 (62%).
Fri, 14 Nov 86 0:40:55 UT; 67 jobs free out of 108 (62%).
Fri, 14 Nov 86 0:55:53 UT; 71 jobs free out of 108 (65%).
Fri, 14 Nov 86 1:10:53 UT; 74 jobs free out of 108 (68%).
Fri, 14 Nov 86 1:25:52 UT; 75 jobs free out of 108 (69%).
Fri, 14 Nov 86 1:40:52 UT; 73 jobs free out of 108 (67%).
Fri, 14 Nov 86 1:55:52 UT; 74 jobs free out of 108 (68%).
Fri, 14 Nov 86 2:10:54 UT; 78 jobs free out of 108 (72%).
Fri, 14 Nov 86 2:25:55 UT; 68 jobs free out of 108 (62%).
Fri, 14 Nov 86 2:40:54 UT; 69 jobs free out of 108 (63%).
Fri, 14 Nov 86 2:55:54 UT; 74 jobs free out of 108 (68%).
Fri, 14 Nov 86 3:10:54 UT; 75 jobs free out of 108 (69%).
Fri, 14 Nov 86 3:25:54 UT; 79 jobs free out of 108 (73%).
Fri, 14 Nov 86 3:40:54 UT; 78 jobs free out of 108 (72%).
Fri, 14 Nov 86 3:55:54 UT; 81 jobs free out of 108 (75%).
Fri, 14 Nov 86 4:10:54 UT; 81 jobs free out of 108 (75%).
Fri, 14 Nov 86 4:25:54 UT; 81 jobs free out of 108 (75%).
Fri, 14 Nov 86 4:40:56 UT; 81 jobs free out of 108 (75%).
Fri, 14 Nov 86 4:55:56 UT; 79 jobs free out of 108 (73%).
Fri, 14 Nov 86 5:10:55 UT; 80 jobs free out of 108 (74%).
Fri, 14 Nov 86 5:25:56 UT; 80 jobs free out of 108 (74%).
Fri, 14 Nov 86 5:40:59 UT; 80 jobs free out of 108 (74%).
Fri, 14 Nov 86 5:55:58 UT; 82 jobs free out of 108 (75%).
Fri, 14 Nov 86 6:10:58 UT; 81 jobs free out of 108 (75%).
Fri, 14 Nov 86 6:25:58 UT; 81 jobs free out of 108 (75%).
Fri, 14 Nov 86 6:40:58 UT; 81 jobs free out of 108 (75%).
Fri, 14 Nov 86 6:55:59 UT; 80 jobs free out of 108 (74%).
Fri, 14 Nov 86 7:10:59 UT; 80 jobs free out of 108 (74%).
Fri, 14 Nov 86 7:26:01 UT; 79 jobs free out of 108 (73%).
Fri, 14 Nov 86 7:41:00 UT; 78 jobs free out of 108 (72%).
Fri, 14 Nov 86 7:56:01 UT; 77 jobs free out of 108 (71%).
Fri, 14 Nov 86 8:11:04 UT; 76 jobs free out of 108 (70%).
Fri, 14 Nov 86 8:26:05 UT; 78 jobs free out of 108 (72%).
Fri, 14 Nov 86 8:41:04 UT; 78 jobs free out of 108 (72%).
Fri, 14 Nov 86 8:56:06 UT; 76 jobs free out of 108 (70%).
Fri, 14 Nov 86 9:11:09 UT; 70 jobs free out of 108 (64%).
Fri, 14 Nov 86 9:26:08 UT; 72 jobs free out of 108 (66%).
Fri, 14 Nov 86 9:41:08 UT; 72 jobs free out of 108 (66%).
Fri, 14 Nov 86 9:56:10 UT; 70 jobs free out of 108 (64%).
Fri, 14 Nov 86 10:11:09 UT; 70 jobs free out of 108 (64%).
Fri, 14 Nov 86 10:26:08 UT; 69 jobs free out of 108 (63%).
Fri, 14 Nov 86 10:41:08 UT; 71 jobs free out of 108 (65%).
Fri, 14 Nov 86 10:56:09 UT; 72 jobs free out of 108 (66%).
Fri, 14 Nov 86 11:11:16 UT; 72 jobs free out of 108 (66%).
Fri, 14 Nov 86 11:26:17 UT; 75 jobs free out of 108 (69%).
Fri, 14 Nov 86 11:41:18 UT; 75 jobs free out of 108 (69%).
Fri, 14 Nov 86 11:56:18 UT; 74 jobs free out of 108 (68%).
Fri, 14 Nov 86 12:11:18 UT; 73 jobs free out of 108 (67%).
Fri, 14 Nov 86 12:26:19 UT; 73 jobs free out of 108 (67%).
Fri, 14 Nov 86 12:41:19 UT; 75 jobs free out of 108 (69%).
Fri, 14 Nov 86 12:56:21 UT; 73 jobs free out of 108 (67%).
Fri, 14 Nov 86 13:11:20 UT; 72 jobs free out of 108 (66%).
Fri, 14 Nov 86 13:26:22 UT; 72 jobs free out of 108 (66%).
Fri, 14 Nov 86 13:41:21 UT; 73 jobs free out of 108 (67%).
Fri, 14 Nov 86 13:56:21 UT; 73 jobs free out of 108 (67%).
Fri, 14 Nov 86 14:11:22 UT; 72 jobs free out of 108 (66%).
Fri, 14 Nov 86 14:26:21 UT; 75 jobs free out of 108 (69%).
Fri, 14 Nov 86 14:41:21 UT; 73 jobs free out of 108 (67%).
Fri, 14 Nov 86 14:56:21 UT; 74 jobs free out of 108 (68%).
Fri, 14 Nov 86 15:11:21 UT; 73 jobs free out of 108 (67%).
Fri, 14 Nov 86 15:26:21 UT; 73 jobs free out of 108 (67%).
Fri, 14 Nov 86 15:41:22 UT; 74 jobs free out of 108 (68%).
Fri, 14 Nov 86 15:56:22 UT; 75 jobs free out of 108 (69%).
Fri, 14 Nov 86 16:11:22 UT; 73 jobs free out of 108 (67%).
Fri, 14 Nov 86 16:26:25 UT; 71 jobs free out of 108 (65%).
Fri, 14 Nov 86 16:41:31 UT; 71 jobs free out of 108 (65%).
Fri, 14 Nov 86 16:56:33 UT; 67 jobs free out of 108 (62%).
Fri, 14 Nov 86 17:11:35 UT; 66 jobs free out of 108 (61%).
Fri, 14 Nov 86 17:26:35 UT; 66 jobs free out of 108 (61%).
Fri, 14 Nov 86 17:41:35 UT; 67 jobs free out of 108 (62%).
Fri, 14 Nov 86 17:56:35 UT; 69 jobs free out of 108 (63%).
Fri, 14 Nov 86 18:11:35 UT; 69 jobs free out of 108 (63%).
Fri, 14 Nov 86 18:26:36 UT; 70 jobs free out of 108 (64%).
Fri, 14 Nov 86 18:41:37 UT; 70 jobs free out of 108 (64%).
Fri, 14 Nov 86 18:56:37 UT; 65 jobs free out of 108 (60%).
Fri, 14 Nov 86 19:11:37 UT; 65 jobs free out of 108 (60%).
Fri, 14 Nov 86 19:26:37 UT; 65 jobs free out of 108 (60%).
Fri, 14 Nov 86 19:41:37 UT; 63 jobs free out of 108 (58%).
Fri, 14 Nov 86 19:56:37 UT; 63 jobs free out of 108 (58%).
Fri, 14 Nov 86 20:11:36 UT; 68 jobs free out of 108 (62%).
Fri, 14 Nov 86 20:26:37 UT; 72 jobs free out of 108 (66%).
Fri, 14 Nov 86 20:41:39 UT; 71 jobs free out of 108 (65%).
Fri, 14 Nov 86 20:56:39 UT; 69 jobs free out of 108 (63%).
Fri, 14 Nov 86 21:11:40 UT; 69 jobs free out of 108 (63%).
Fri, 14 Nov 86 21:26:39 UT; 69 jobs free out of 108 (63%).
Fri, 14 Nov 86 21:57:52 UT; 101 jobs free out of 108 (93%).
Fri, 14 Nov 86 22:12:37 UT; 98 jobs free out of 108 (90%).
Fri, 14 Nov 86 22:27:37 UT; 92 jobs free out of 108 (85%).
Fri, 14 Nov 86 22:42:37 UT; 92 jobs free out of 108 (85%).
Fri, 14 Nov 86 22:57:37 UT; 92 jobs free out of 108 (85%).
Fri, 14 Nov 86 23:12:38 UT; 90 jobs free out of 108 (83%).
Fri, 14 Nov 86 23:27:38 UT; 80 jobs free out of 108 (74%).
Fri, 14 Nov 86 23:42:39 UT; 75 jobs free out of 108 (69%).
Fri, 14 Nov 86 23:57:38 UT; 74 jobs free out of 108 (68%).
Sat, 15 Nov 86 0:12:38 UT; 66 jobs free out of 108 (61%).
Sat, 15 Nov 86 0:27:48 UT; 68 jobs free out of 108 (62%).
Sat, 15 Nov 86 0:42:40 UT; 70 jobs free out of 108 (64%).
Sat, 15 Nov 86 0:57:45 UT; 72 jobs free out of 108 (66%).
Sat, 15 Nov 86 1:12:39 UT; 73 jobs free out of 108 (67%).
Sat, 15 Nov 86 1:27:39 UT; 85 jobs free out of 108 (78%).
Sat, 15 Nov 86 1:42:41 UT; 91 jobs free out of 108 (84%).
Sat, 15 Nov 86 1:57:41 UT; 96 jobs free out of 108 (88%).
Sat, 15 Nov 86 2:12:41 UT; 95 jobs free out of 108 (87%).
Sat, 15 Nov 86 2:27:43 UT; 97 jobs free out of 108 (89%).
Sat, 15 Nov 86 2:42:44 UT; 96 jobs free out of 108 (88%).
Sat, 15 Nov 86 2:57:44 UT; 98 jobs free out of 108 (90%).
Sat, 15 Nov 86 3:12:44 UT; 97 jobs free out of 108 (89%).
Sat, 15 Nov 86 3:27:44 UT; 96 jobs free out of 108 (88%).
Sat, 15 Nov 86 3:42:44 UT; 94 jobs free out of 108 (87%).
Sat, 15 Nov 86 3:57:44 UT; 93 jobs free out of 108 (86%).
Sat, 15 Nov 86 4:12:44 UT; 95 jobs free out of 108 (87%).
Sat, 15 Nov 86 4:27:44 UT; 95 jobs free out of 108 (87%).
Sat, 15 Nov 86 4:42:44 UT; 95 jobs free out of 108 (87%).
Sat, 15 Nov 86 4:57:44 UT; 96 jobs free out of 108 (88%).
Sat, 15 Nov 86 5:12:44 UT; 94 jobs free out of 108 (87%).
Sat, 15 Nov 86 5:27:44 UT; 93 jobs free out of 108 (86%).
Sat, 15 Nov 86 5:42:45 UT; 94 jobs free out of 108 (87%).
Sat, 15 Nov 86 5:57:45 UT; 94 jobs free out of 108 (87%).
Sat, 15 Nov 86 6:12:45 UT; 95 jobs free out of 108 (87%).
Sat, 15 Nov 86 6:27:45 UT; 95 jobs free out of 108 (87%).
Sat, 15 Nov 86 6:42:46 UT; 93 jobs free out of 108 (86%).
Sat, 15 Nov 86 6:57:49 UT; 91 jobs free out of 108 (84%).
Sat, 15 Nov 86 7:12:48 UT; 93 jobs free out of 108 (86%).
Sat, 15 Nov 86 7:27:48 UT; 94 jobs free out of 108 (87%).
Sat, 15 Nov 86 7:42:50 UT; 95 jobs free out of 108 (87%).
Sat, 15 Nov 86 7:57:51 UT; 97 jobs free out of 108 (89%).
Sat, 15 Nov 86 8:12:51 UT; 96 jobs free out of 108 (88%).
Sat, 15 Nov 86 8:27:51 UT; 96 jobs free out of 108 (88%).
Sat, 15 Nov 86 8:42:51 UT; 96 jobs free out of 108 (88%).
Sat, 15 Nov 86 8:57:51 UT; 97 jobs free out of 108 (89%).
Sat, 15 Nov 86 9:12:51 UT; 97 jobs free out of 108 (89%).
Sat, 15 Nov 86 9:27:51 UT; 98 jobs free out of 108 (90%).
Sat, 15 Nov 86 9:42:51 UT; 98 jobs free out of 108 (90%).
Sat, 15 Nov 86 9:57:51 UT; 99 jobs free out of 108 (91%).
Sat, 15 Nov 86 10:12:51 UT; 99 jobs free out of 108 (91%).
Sat, 15 Nov 86 10:27:51 UT; 99 jobs free out of 108 (91%).
Sat, 15 Nov 86 10:42:51 UT; 99 jobs free out of 108 (91%).
Sat, 15 Nov 86 10:57:51 UT; 98 jobs free out of 108 (90%).
Sat, 15 Nov 86 11:12:43 UT; 98 jobs free out of 108 (90%).
Sat, 15 Nov 86 11:27:43 UT; 98 jobs free out of 108 (90%).
Sat, 15 Nov 86 11:42:43 UT; 98 jobs free out of 108 (90%).
Sat, 15 Nov 86 11:57:43 UT; 96 jobs free out of 108 (88%).
Sat, 15 Nov 86 12:12:44 UT; 96 jobs free out of 108 (88%).
Sat, 15 Nov 86 12:27:43 UT; 96 jobs free out of 108 (88%).
Sat, 15 Nov 86 12:42:45 UT; 96 jobs free out of 108 (88%).
Sat, 15 Nov 86 12:57:43 UT; 96 jobs free out of 108 (88%).
Sat, 15 Nov 86 13:12:43 UT; 97 jobs free out of 108 (89%).
Sat, 15 Nov 86 13:27:43 UT; 97 jobs free out of 108 (89%).
Sat, 15 Nov 86 13:42:43 UT; 97 jobs free out of 108 (89%).
Sat, 15 Nov 86 13:57:44 UT; 96 jobs free out of 108 (88%).
Sat, 15 Nov 86 14:12:43 UT; 97 jobs free out of 108 (89%).
Sat, 15 Nov 86 14:27:43 UT; 97 jobs free out of 108 (89%).
Sat, 15 Nov 86 14:42:43 UT; 97 jobs free out of 108 (89%).
Sat, 15 Nov 86 14:57:43 UT; 96 jobs free out of 108 (88%).
Sat, 15 Nov 86 15:12:45 UT; 96 jobs free out of 108 (88%).
Sat, 15 Nov 86 15:27:44 UT; 96 jobs free out of 108 (88%).
Sat, 15 Nov 86 15:42:44 UT; 96 jobs free out of 108 (88%).
Sat, 15 Nov 86 15:57:44 UT; 97 jobs free out of 108 (89%).
Sat, 15 Nov 86 16:12:44 UT; 97 jobs free out of 108 (89%).
Sat, 15 Nov 86 16:27:44 UT; 97 jobs free out of 108 (89%).
Sat, 15 Nov 86 16:42:44 UT; 97 jobs free out of 108 (89%).
Sat, 15 Nov 86 16:57:44 UT; 98 jobs free out of 108 (90%).
Sat, 15 Nov 86 17:12:44 UT; 98 jobs free out of 108 (90%).
Sat, 15 Nov 86 17:27:44 UT; 98 jobs free out of 108 (90%).
Sat, 15 Nov 86 17:42:44 UT; 97 jobs free out of 108 (89%).
Sat, 15 Nov 86 17:57:45 UT; 96 jobs free out of 108 (88%).
Sat, 15 Nov 86 18:12:45 UT; 96 jobs free out of 108 (88%).
Sat, 15 Nov 86 18:27:45 UT; 96 jobs free out of 108 (88%).
Sat, 15 Nov 86 18:42:45 UT; 96 jobs free out of 108 (88%).
Sat, 15 Nov 86 18:57:45 UT; 96 jobs free out of 108 (88%).
Sat, 15 Nov 86 19:12:45 UT; 96 jobs free out of 108 (88%).
Sat, 15 Nov 86 19:27:45 UT; 95 jobs free out of 108 (87%).
Sat, 15 Nov 86 19:42:45 UT; 96 jobs free out of 108 (88%).
Sat, 15 Nov 86 19:57:45 UT; 97 jobs free out of 108 (89%).
Sat, 15 Nov 86 20:12:45 UT; 96 jobs free out of 108 (88%).
Sat, 15 Nov 86 20:27:45 UT; 96 jobs free out of 108 (88%).
Sat, 15 Nov 86 20:42:45 UT; 96 jobs free out of 108 (88%).
Sat, 15 Nov 86 20:57:45 UT; 96 jobs free out of 108 (88%).
Sat, 15 Nov 86 21:12:45 UT; 96 jobs free out of 108 (88%).
Sat, 15 Nov 86 21:27:45 UT; 96 jobs free out of 108 (88%).
Sat, 15 Nov 86 21:42:45 UT; 96 jobs free out of 108 (88%).
Sat, 15 Nov 86 21:57:45 UT; 97 jobs free out of 108 (89%).
Sat, 15 Nov 86 22:12:45 UT; 97 jobs free out of 108 (89%).
Sat, 15 Nov 86 22:27:45 UT; 96 jobs free out of 108 (88%).
Sat, 15 Nov 86 22:42:45 UT; 96 jobs free out of 108 (88%).
Sat, 15 Nov 86 22:57:45 UT; 95 jobs free out of 108 (87%).
Sat, 15 Nov 86 23:12:45 UT; 95 jobs free out of 108 (87%).
Sat, 15 Nov 86 23:27:45 UT; 95 jobs free out of 108 (87%).
Sat, 15 Nov 86 23:42:45 UT; 95 jobs free out of 108 (87%).
Sat, 15 Nov 86 23:57:45 UT; 95 jobs free out of 108 (87%).
Sun, 16 Nov 86 0:12:45 UT; 96 jobs free out of 108 (88%).
Sun, 16 Nov 86 0:27:45 UT; 93 jobs free out of 108 (86%).
Sun, 16 Nov 86 0:42:45 UT; 93 jobs free out of 108 (86%).
Sun, 16 Nov 86 0:57:45 UT; 94 jobs free out of 108 (87%).
Sun, 16 Nov 86 7:02:04 UT; 101 jobs free out of 108 (93%).
Sun, 16 Nov 86 7:16:50 UT; 102 jobs free out of 108 (94%).
Sun, 16 Nov 86 7:31:50 UT; 101 jobs free out of 108 (93%).
Sun, 16 Nov 86 7:46:50 UT; 100 jobs free out of 108 (92%).
Sun, 16 Nov 86 8:01:50 UT; 99 jobs free out of 108 (91%).
Sun, 16 Nov 86 8:16:50 UT; 99 jobs free out of 108 (91%).
Sun, 16 Nov 86 8:31:50 UT; 98 jobs free out of 108 (90%).
Sun, 16 Nov 86 8:46:50 UT; 99 jobs free out of 108 (91%).
Sun, 16 Nov 86 9:01:50 UT; 98 jobs free out of 108 (90%).
Sun, 16 Nov 86 9:16:50 UT; 99 jobs free out of 108 (91%).
Sun, 16 Nov 86 9:31:50 UT; 100 jobs free out of 108 (92%).
Sun, 16 Nov 86 9:46:50 UT; 99 jobs free out of 108 (91%).
Sun, 16 Nov 86 10:01:50 UT; 99 jobs free out of 108 (91%).
Sun, 16 Nov 86 10:16:50 UT; 99 jobs free out of 108 (91%).
Sun, 16 Nov 86 10:31:50 UT; 99 jobs free out of 108 (91%).
Sun, 16 Nov 86 10:46:50 UT; 99 jobs free out of 108 (91%).
Sun, 16 Nov 86 11:01:50 UT; 100 jobs free out of 108 (92%).
Sun, 16 Nov 86 11:16:49 UT; 99 jobs free out of 108 (91%).
Sun, 16 Nov 86 11:31:49 UT; 99 jobs free out of 108 (91%).
Sun, 16 Nov 86 11:46:50 UT; 99 jobs free out of 108 (91%).
Sun, 16 Nov 86 12:01:50 UT; 99 jobs free out of 108 (91%).
Sun, 16 Nov 86 12:16:50 UT; 99 jobs free out of 108 (91%).
Sun, 16 Nov 86 12:31:50 UT; 99 jobs free out of 108 (91%).
Sun, 16 Nov 86 12:46:50 UT; 100 jobs free out of 108 (92%).
Sun, 16 Nov 86 13:01:50 UT; 99 jobs free out of 108 (91%).
Sun, 16 Nov 86 13:16:49 UT; 99 jobs free out of 108 (91%).
Sun, 16 Nov 86 13:31:50 UT; 99 jobs free out of 108 (91%).
Sun, 16 Nov 86 13:46:49 UT; 99 jobs free out of 108 (91%).
Sun, 16 Nov 86 14:01:49 UT; 99 jobs free out of 108 (91%).
Sun, 16 Nov 86 14:16:49 UT; 100 jobs free out of 108 (92%).
Sun, 16 Nov 86 14:31:49 UT; 100 jobs free out of 108 (92%).
Sun, 16 Nov 86 14:46:49 UT; 101 jobs free out of 108 (93%).
Sun, 16 Nov 86 15:01:49 UT; 100 jobs free out of 108 (92%).
Sun, 16 Nov 86 15:16:49 UT; 100 jobs free out of 108 (92%).
Sun, 16 Nov 86 15:31:49 UT; 101 jobs free out of 108 (93%).
Sun, 16 Nov 86 15:46:49 UT; 101 jobs free out of 108 (93%).
Sun, 16 Nov 86 16:01:50 UT; 101 jobs free out of 108 (93%).
Sun, 16 Nov 86 16:16:49 UT; 101 jobs free out of 108 (93%).
Sun, 16 Nov 86 16:31:49 UT; 100 jobs free out of 108 (92%).
Sun, 16 Nov 86 16:46:49 UT; 99 jobs free out of 108 (91%).
Sun, 16 Nov 86 17:01:49 UT; 100 jobs free out of 108 (92%).
Sun, 16 Nov 86 17:16:49 UT; 100 jobs free out of 108 (92%).
Sun, 16 Nov 86 17:31:49 UT; 98 jobs free out of 108 (90%).
Sun, 16 Nov 86 17:46:50 UT; 98 jobs free out of 108 (90%).
Sun, 16 Nov 86 18:01:50 UT; 99 jobs free out of 108 (91%).
Sun, 16 Nov 86 18:16:49 UT; 98 jobs free out of 108 (90%).
Sun, 16 Nov 86 18:31:49 UT; 98 jobs free out of 108 (90%).
Sun, 16 Nov 86 18:46:50 UT; 97 jobs free out of 108 (89%).
Sun, 16 Nov 86 19:01:50 UT; 98 jobs free out of 108 (90%).
Sun, 16 Nov 86 19:16:49 UT; 98 jobs free out of 108 (90%).
Sun, 16 Nov 86 19:31:50 UT; 97 jobs free out of 108 (89%).
Sun, 16 Nov 86 19:46:50 UT; 97 jobs free out of 108 (89%).
Sun, 16 Nov 86 20:01:50 UT; 97 jobs free out of 108 (89%).
Sun, 16 Nov 86 20:16:50 UT; 97 jobs free out of 108 (89%).
Sun, 16 Nov 86 20:31:50 UT; 97 jobs free out of 108 (89%).
Sun, 16 Nov 86 20:46:50 UT; 97 jobs free out of 108 (89%).
Sun, 16 Nov 86 21:01:50 UT; 97 jobs free out of 108 (89%).
Sun, 16 Nov 86 21:16:50 UT; 97 jobs free out of 108 (89%).
Sun, 16 Nov 86 21:31:50 UT; 99 jobs free out of 108 (91%).
Sun, 16 Nov 86 21:46:49 UT; 99 jobs free out of 108 (91%).
Sun, 16 Nov 86 22:01:49 UT; 99 jobs free out of 108 (91%).
Sun, 16 Nov 86 22:16:49 UT; 98 jobs free out of 108 (90%).
Sun, 16 Nov 86 22:31:49 UT; 98 jobs free out of 108 (90%).
Sun, 16 Nov 86 22:46:49 UT; 98 jobs free out of 108 (90%).
Sun, 16 Nov 86 23:01:50 UT; 98 jobs free out of 108 (90%).
Sun, 16 Nov 86 23:16:50 UT; 98 jobs free out of 108 (90%).
Sun, 16 Nov 86 23:31:49 UT; 98 jobs free out of 108 (90%).
Sun, 16 Nov 86 23:46:50 UT; 97 jobs free out of 108 (89%).
Mon, 17 Nov 86 0:01:50 UT; 98 jobs free out of 108 (90%).
Mon, 17 Nov 86 0:16:49 UT; 99 jobs free out of 108 (91%).
Mon, 17 Nov 86 0:31:50 UT; 97 jobs free out of 108 (89%).
Mon, 17 Nov 86 0:46:50 UT; 96 jobs free out of 108 (88%).
Mon, 17 Nov 86 1:01:50 UT; 97 jobs free out of 108 (89%).
Mon, 17 Nov 86 1:16:50 UT; 97 jobs free out of 108 (89%).
Mon, 17 Nov 86 1:31:50 UT; 94 jobs free out of 108 (87%).
Mon, 17 Nov 86 1:46:50 UT; 95 jobs free out of 108 (87%).
Mon, 17 Nov 86 2:01:50 UT; 95 jobs free out of 108 (87%).
Mon, 17 Nov 86 2:16:50 UT; 95 jobs free out of 108 (87%).
Mon, 17 Nov 86 2:31:50 UT; 95 jobs free out of 108 (87%).
Mon, 17 Nov 86 2:46:50 UT; 95 jobs free out of 108 (87%).
Mon, 17 Nov 86 3:01:49 UT; 96 jobs free out of 108 (88%).
Mon, 17 Nov 86 3:16:49 UT; 96 jobs free out of 108 (88%).
Mon, 17 Nov 86 3:31:51 UT; 95 jobs free out of 108 (87%).
Mon, 17 Nov 86 3:46:51 UT; 96 jobs free out of 108 (88%).
Mon, 17 Nov 86 4:01:50 UT; 96 jobs free out of 108 (88%).
Mon, 17 Nov 86 4:16:51 UT; 94 jobs free out of 108 (87%).
Mon, 17 Nov 86 4:31:51 UT; 95 jobs free out of 108 (87%).
Mon, 17 Nov 86 4:46:51 UT; 94 jobs free out of 108 (87%).
Mon, 17 Nov 86 5:01:51 UT; 94 jobs free out of 108 (87%).
Mon, 17 Nov 86 5:16:51 UT; 94 jobs free out of 108 (87%).
Mon, 17 Nov 86 5:31:51 UT; 94 jobs free out of 108 (87%).
Mon, 17 Nov 86 5:46:51 UT; 94 jobs free out of 108 (87%).
Mon, 17 Nov 86 6:01:51 UT; 94 jobs free out of 108 (87%).
Mon, 17 Nov 86 6:16:51 UT; 94 jobs free out of 108 (87%).
Mon, 17 Nov 86 6:31:51 UT; 95 jobs free out of 108 (87%).
Mon, 17 Nov 86 6:46:54 UT; 94 jobs free out of 108 (87%).
Mon, 17 Nov 86 7:01:54 UT; 94 jobs free out of 108 (87%).
Mon, 17 Nov 86 7:16:55 UT; 94 jobs free out of 108 (87%).
Mon, 17 Nov 86 7:31:56 UT; 95 jobs free out of 108 (87%).
Mon, 17 Nov 86 7:46:56 UT; 95 jobs free out of 108 (87%).
Mon, 17 Nov 86 8:01:57 UT; 95 jobs free out of 108 (87%).
Mon, 17 Nov 86 8:16:58 UT; 94 jobs free out of 108 (87%).
Mon, 17 Nov 86 8:31:59 UT; 92 jobs free out of 108 (85%).
Mon, 17 Nov 86 8:46:59 UT; 94 jobs free out of 108 (87%).
Mon, 17 Nov 86 9:02:00 UT; 93 jobs free out of 108 (86%).
Mon, 17 Nov 86 9:17:00 UT; 91 jobs free out of 108 (84%).
Mon, 17 Nov 86 9:32:00 UT; 91 jobs free out of 108 (84%).
Mon, 17 Nov 86 9:47:00 UT; 91 jobs free out of 108 (84%).
Mon, 17 Nov 86 10:02:01 UT; 90 jobs free out of 108 (83%).
Mon, 17 Nov 86 10:17:00 UT; 93 jobs free out of 108 (86%).
Mon, 17 Nov 86 10:32:01 UT; 92 jobs free out of 108 (85%).
Mon, 17 Nov 86 10:47:01 UT; 91 jobs free out of 108 (84%).
Mon, 17 Nov 86 11:01:48 UT; 91 jobs free out of 108 (84%).
Mon, 17 Nov 86 11:16:48 UT; 91 jobs free out of 108 (84%).
Mon, 17 Nov 86 11:31:48 UT; 91 jobs free out of 108 (84%).
Mon, 17 Nov 86 11:46:48 UT; 90 jobs free out of 108 (83%).
Mon, 17 Nov 86 12:01:47 UT; 91 jobs free out of 108 (84%).
Mon, 17 Nov 86 12:16:47 UT; 92 jobs free out of 108 (85%).
Mon, 17 Nov 86 12:31:48 UT; 90 jobs free out of 108 (83%).
Mon, 17 Nov 86 12:46:48 UT; 90 jobs free out of 108 (83%).
Mon, 17 Nov 86 13:01:48 UT; 90 jobs free out of 108 (83%).
Mon, 17 Nov 86 13:16:52 UT; 90 jobs free out of 108 (83%).
Mon, 17 Nov 86 13:31:50 UT; 89 jobs free out of 108 (82%).
Mon, 17 Nov 86 13:46:49 UT; 91 jobs free out of 108 (84%).
Mon, 17 Nov 86 14:01:50 UT; 93 jobs free out of 108 (86%).
Mon, 17 Nov 86 14:16:50 UT; 94 jobs free out of 108 (87%).
Mon, 17 Nov 86 14:31:50 UT; 93 jobs free out of 108 (86%).
Mon, 17 Nov 86 14:46:50 UT; 92 jobs free out of 108 (85%).
Mon, 17 Nov 86 15:01:50 UT; 89 jobs free out of 108 (82%).
Mon, 17 Nov 86 15:16:52 UT; 87 jobs free out of 108 (80%).
Mon, 17 Nov 86 16:39:11 UT; 101 jobs free out of 108 (93%).
Mon, 17 Nov 86 16:53:49 UT; 99 jobs free out of 108 (91%).
Mon, 17 Nov 86 17:08:49 UT; 96 jobs free out of 108 (88%).
Mon, 17 Nov 86 17:23:49 UT; 96 jobs free out of 108 (88%).
Mon, 17 Nov 86 17:38:50 UT; 95 jobs free out of 108 (87%).
Mon, 17 Nov 86 17:53:49 UT; 92 jobs free out of 108 (85%).
Mon, 17 Nov 86 18:08:50 UT; 93 jobs free out of 108 (86%).
Mon, 17 Nov 86 18:23:50 UT; 93 jobs free out of 108 (86%).
Mon, 17 Nov 86 18:38:50 UT; 92 jobs free out of 108 (85%).
Mon, 17 Nov 86 18:53:50 UT; 91 jobs free out of 108 (84%).
Mon, 17 Nov 86 19:08:52 UT; 88 jobs free out of 108 (81%).
Mon, 17 Nov 86 19:23:52 UT; 88 jobs free out of 108 (81%).
Mon, 17 Nov 86 19:38:52 UT; 89 jobs free out of 108 (82%).
Mon, 17 Nov 86 19:53:52 UT; 85 jobs free out of 108 (78%).
Mon, 17 Nov 86 20:08:52 UT; 84 jobs free out of 108 (77%).
Mon, 17 Nov 86 20:23:52 UT; 84 jobs free out of 108 (77%).
Mon, 17 Nov 86 20:38:52 UT; 86 jobs free out of 108 (79%).
Mon, 17 Nov 86 20:53:52 UT; 87 jobs free out of 108 (80%).
Mon, 17 Nov 86 21:08:53 UT; 85 jobs free out of 108 (78%).
Mon, 17 Nov 86 21:23:52 UT; 84 jobs free out of 108 (77%).
Mon, 17 Nov 86 21:38:52 UT; 84 jobs free out of 108 (77%).
Mon, 17 Nov 86 21:53:52 UT; 85 jobs free out of 108 (78%).
Mon, 17 Nov 86 22:08:53 UT; 84 jobs free out of 108 (77%).
Mon, 17 Nov 86 22:23:53 UT; 82 jobs free out of 108 (75%).
Mon, 17 Nov 86 22:38:53 UT; 84 jobs free out of 108 (77%).
Mon, 17 Nov 86 22:53:53 UT; 84 jobs free out of 108 (77%).
Mon, 17 Nov 86 23:08:53 UT; 83 jobs free out of 108 (76%).
Mon, 17 Nov 86 23:23:53 UT; 85 jobs free out of 108 (78%).
Mon, 17 Nov 86 23:38:53 UT; 85 jobs free out of 108 (78%).
Mon, 17 Nov 86 23:53:53 UT; 84 jobs free out of 108 (77%).
Tue, 18 Nov 86 0:08:53 UT; 82 jobs free out of 108 (75%).
Tue, 18 Nov 86 0:23:54 UT; 79 jobs free out of 108 (73%).
Tue, 18 Nov 86 0:38:54 UT; 80 jobs free out of 108 (74%).
Tue, 18 Nov 86 0:53:57 UT; 84 jobs free out of 108 (77%).
Tue, 18 Nov 86 1:08:55 UT; 84 jobs free out of 108 (77%).
Tue, 18 Nov 86 1:23:55 UT; 88 jobs free out of 108 (81%).
Tue, 18 Nov 86 1:38:54 UT; 88 jobs free out of 108 (81%).
Tue, 18 Nov 86 1:53:55 UT; 89 jobs free out of 108 (82%).
Tue, 18 Nov 86 2:08:55 UT; 88 jobs free out of 108 (81%).
Tue, 18 Nov 86 2:23:55 UT; 87 jobs free out of 108 (80%).
Tue, 18 Nov 86 2:38:55 UT; 86 jobs free out of 108 (79%).
Tue, 18 Nov 86 2:53:56 UT; 86 jobs free out of 108 (79%).
Tue, 18 Nov 86 3:08:57 UT; 88 jobs free out of 108 (81%).
Tue, 18 Nov 86 3:23:57 UT; 88 jobs free out of 108 (81%).
Tue, 18 Nov 86 3:38:57 UT; 88 jobs free out of 108 (81%).
Tue, 18 Nov 86 3:53:58 UT; 89 jobs free out of 108 (82%).
Tue, 18 Nov 86 4:08:58 UT; 89 jobs free out of 108 (82%).
Tue, 18 Nov 86 4:23:58 UT; 89 jobs free out of 108 (82%).
Tue, 18 Nov 86 4:39:01 UT; 88 jobs free out of 108 (81%).
Tue, 18 Nov 86 4:54:03 UT; 88 jobs free out of 108 (81%).
Tue, 18 Nov 86 5:09:03 UT; 88 jobs free out of 108 (81%).
Tue, 18 Nov 86 5:24:04 UT; 88 jobs free out of 108 (81%).
Tue, 18 Nov 86 5:39:03 UT; 88 jobs free out of 108 (81%).
Tue, 18 Nov 86 5:54:04 UT; 88 jobs free out of 108 (81%).
Tue, 18 Nov 86 6:09:04 UT; 88 jobs free out of 108 (81%).
Tue, 18 Nov 86 6:24:04 UT; 88 jobs free out of 108 (81%).
Tue, 18 Nov 86 6:39:04 UT; 89 jobs free out of 108 (82%).
Tue, 18 Nov 86 6:54:03 UT; 88 jobs free out of 108 (81%).
Tue, 18 Nov 86 7:09:04 UT; 89 jobs free out of 108 (82%).
Tue, 18 Nov 86 7:24:04 UT; 88 jobs free out of 108 (81%).
Tue, 18 Nov 86 7:39:04 UT; 92 jobs free out of 108 (85%).
Tue, 18 Nov 86 7:54:04 UT; 89 jobs free out of 108 (82%).
Tue, 18 Nov 86 8:09:06 UT; 86 jobs free out of 108 (79%).
Tue, 18 Nov 86 8:24:08 UT; 85 jobs free out of 108 (78%).
Tue, 18 Nov 86 8:39:09 UT; 87 jobs free out of 108 (80%).
Tue, 18 Nov 86 8:54:09 UT; 87 jobs free out of 108 (80%).
Tue, 18 Nov 86 9:09:08 UT; 88 jobs free out of 108 (81%).
Tue, 18 Nov 86 9:24:08 UT; 87 jobs free out of 108 (80%).
Tue, 18 Nov 86 9:39:08 UT; 87 jobs free out of 108 (80%).
Tue, 18 Nov 86 9:54:08 UT; 87 jobs free out of 108 (80%).
Tue, 18 Nov 86 10:09:08 UT; 88 jobs free out of 108 (81%).
Tue, 18 Nov 86 10:24:08 UT; 88 jobs free out of 108 (81%).
Tue, 18 Nov 86 10:39:09 UT; 89 jobs free out of 108 (82%).
Tue, 18 Nov 86 10:54:09 UT; 89 jobs free out of 108 (82%).
Tue, 18 Nov 86 11:09:35 UT; 89 jobs free out of 108 (82%).
Tue, 18 Nov 86 11:24:35 UT; 89 jobs free out of 108 (82%).
Tue, 18 Nov 86 11:39:35 UT; 89 jobs free out of 108 (82%).
Tue, 18 Nov 86 11:54:35 UT; 88 jobs free out of 108 (81%).
Tue, 18 Nov 86 12:09:35 UT; 88 jobs free out of 108 (81%).
Tue, 18 Nov 86 12:24:35 UT; 89 jobs free out of 108 (82%).
Tue, 18 Nov 86 12:39:36 UT; 88 jobs free out of 108 (81%).
Tue, 18 Nov 86 12:54:39 UT; 87 jobs free out of 108 (80%).
Tue, 18 Nov 86 14:30:34 UT; 101 jobs free out of 108 (93%).
Tue, 18 Nov 86 14:45:15 UT; 95 jobs free out of 108 (87%).
Tue, 18 Nov 86 15:00:15 UT; 93 jobs free out of 108 (86%).
Tue, 18 Nov 86 15:15:16 UT; 90 jobs free out of 108 (83%).
Tue, 18 Nov 86 15:30:16 UT; 91 jobs free out of 108 (84%).
Tue, 18 Nov 86 15:45:20 UT; 91 jobs free out of 108 (84%).
Tue, 18 Nov 86 16:00:16 UT; 89 jobs free out of 108 (82%).
Tue, 18 Nov 86 16:15:17 UT; 85 jobs free out of 108 (78%).
Tue, 18 Nov 86 16:30:16 UT; 86 jobs free out of 108 (79%).
Tue, 18 Nov 86 16:45:16 UT; 90 jobs free out of 108 (83%).
Tue, 18 Nov 86 17:00:16 UT; 90 jobs free out of 108 (83%).
Tue, 18 Nov 86 17:15:16 UT; 87 jobs free out of 108 (80%).
Tue, 18 Nov 86 17:30:17 UT; 91 jobs free out of 108 (84%).
Tue, 18 Nov 86 17:45:17 UT; 90 jobs free out of 108 (83%).
Tue, 18 Nov 86 18:00:17 UT; 89 jobs free out of 108 (82%).
Tue, 18 Nov 86 18:15:17 UT; 86 jobs free out of 108 (79%).
Tue, 18 Nov 86 18:30:18 UT; 88 jobs free out of 108 (81%).
Tue, 18 Nov 86 18:45:18 UT; 84 jobs free out of 108 (77%).
Tue, 18 Nov 86 19:00:18 UT; 84 jobs free out of 108 (77%).
Tue, 18 Nov 86 19:15:19 UT; 83 jobs free out of 108 (76%).
Tue, 18 Nov 86 19:30:19 UT; 85 jobs free out of 108 (78%).
Tue, 18 Nov 86 19:45:19 UT; 83 jobs free out of 108 (76%).
Tue, 18 Nov 86 20:00:18 UT; 85 jobs free out of 108 (78%).
Tue, 18 Nov 86 20:15:19 UT; 82 jobs free out of 108 (75%).
Tue, 18 Nov 86 20:30:19 UT; 82 jobs free out of 108 (75%).
Tue, 18 Nov 86 20:45:18 UT; 83 jobs free out of 108 (76%).
Tue, 18 Nov 86 21:00:19 UT; 81 jobs free out of 108 (75%).
Tue, 18 Nov 86 21:15:19 UT; 83 jobs free out of 108 (76%).
Tue, 18 Nov 86 21:30:19 UT; 84 jobs free out of 108 (77%).
Tue, 18 Nov 86 21:45:19 UT; 83 jobs free out of 108 (76%).
Tue, 18 Nov 86 22:00:18 UT; 81 jobs free out of 108 (75%).
Tue, 18 Nov 86 22:15:20 UT; 77 jobs free out of 108 (71%).
Tue, 18 Nov 86 22:30:23 UT; 77 jobs free out of 108 (71%).
Tue, 18 Nov 86 22:45:23 UT; 75 jobs free out of 108 (69%).
Tue, 18 Nov 86 23:00:21 UT; 74 jobs free out of 108 (68%).
Tue, 18 Nov 86 23:15:21 UT; 71 jobs free out of 108 (65%).
Tue, 18 Nov 86 23:30:20 UT; 74 jobs free out of 108 (68%).
Tue, 18 Nov 86 23:45:19 UT; 80 jobs free out of 108 (74%).
Wed, 19 Nov 86 0:00:19 UT; 80 jobs free out of 108 (74%).
Wed, 19 Nov 86 0:15:20 UT; 78 jobs free out of 108 (72%).
Wed, 19 Nov 86 0:30:20 UT; 79 jobs free out of 108 (73%).
Wed, 19 Nov 86 0:45:23 UT; 76 jobs free out of 108 (70%).
  W 