NYPRINT      011601    99 1
FTCNET       044260   229 1
BWORKMAN     021477   229 0
TINET        011334   200 1
TMYLES       021476   229 1
BRETTF       000001     0 1
SPPOPER      000003     0 1
INTACT       011010   206 1
QALIBSYM     011447     3 1
DMILLER      011020     3 1
MSMA         021477   229 1
NETSTAT2     021477   201 1
GRANOTIER    027514   228 1
DTAI         021476   229 1
MAGNUM       000007     3 1
WNFEOPS      021477   229 1
SLATERK      011020     3 1
DBCEO        032120   229 1
DOOLITTLER   032120   229 1
OSIRIS       024261   201 1
NDT          000003     3 1
DIAMONDP     011020     3 1
ENFESEC      011020     3 1
JMORDEN      044060   229 1
WNFE         011020     3 1
EKENDIG      011334   200 1
JGOMES       021476   229 1
SPOOLRM      011016     2 1
BONSTOTT     021476   229 1
JCHEN        044047   229 1
LYNASK       021477   229 1
JCM          011020     3 1
BONDAD       011334   200 1
KHOLLAND     011020     3 1
KRIVANEC     000001     0 1
MDCIRVINE    045261   229 1
LNOTARY      000001     0 1
ATKATSHJ     044061   229 1
SHAWB        044062   229 1
NETCON       021477   201 1
KSCHMITT     021477   229 1
EADAMS       034776   141 1
SSDEV        011447     3 1
OSMAN        000003     3 1
MHARLINE     021476   229 1
CUPCWRN      000001     0 1
DRISCOLL     011334   200 1
SALLY        000003     3 1
SETECH       021476   229 1
TYMNET       021477   201 1
CPAPRINT     000001     0 1
STOY         011334   200 1
ENFE         011020     3 1
ISISFILES    021476   229 1
FLIBE        044054   229 1
TAMB         044054   229 1
DENCOFF      000003     3 1
JOLIVETO     044251   229 1
GKING        011020     3 0
MCDAVID      021477   201 1
ENFEOPS      011020     3 1
BOBJ         000001     0 1
NETDETAIL    021477   201 1
SCHED        010056   201 1
LUEDERK      044062   229 1
JLIU         044047   229 1
NFESEC       011020     3 1
AMUNDSON     044266   229 0
DSTEINMAN    044062   229 0
HOLD         000001     0 1
TNGO         044047   229 1
FSIEGEL      000007     3 1
LASALES      010056   229 0
LBORSA       044060   229 1
JGONZALEZ    021477   229 1
SSARCHB      011447     3 1
INTLACCTG    021477   229 1
JSOUNG       011334   200 1
MMARBURGER   044062   229 1
PETER        021476   229 0
LMAURER      011334   200 1
NET3         021476   201 1
TNSCTRAIN    037124   228 1
JJEFFERS     021476   229 0
SPEX         013107   172 1
ENFEN        011020     3 1
ACCG1        021477   201 0
ETAM         044266   229 0
CAMPBELLP    044054   229 1
RGFOX        011334   200 1
MKLEIN       044047   229 1
TNSHQMNO     027514   228 1
WWPC         011020     3 1
GMASTERS     011011   144 1
MAINTDIAG    011020     3 1
JMARTELL     011020     3 1
MIDBAK       011334   200 1
INTLPROGS    021477   201 1
CARL         000003     0 1
NYPRINT      011601    99 1
CATTANEO     011020     3 1
SHAH         030455   240 1
PDUNLEVY     044054   229 1
TOOMEYF      044060   229 1
BARILC       044047   229 1
JWAGNER      011334   200 1
NSDBINS      011334   200 1
TOMASI       021477   201 1
PTD          011334   200 1
CNFETECH     011020     3 1
SRA          000001     0 1
OUTDIAL      024261   201 1
BASELINE     011334   200 1
DBSNI        032120   229 0
CNFE         011020     3 1
JAKOBITZ     044062   229 1
TESTASB      000004     2 1
BETATEST     011334     3 1
FIELDNUM     021474   201 0
SLIESA       037071    38 1
TYMRES       010056   201 1
VWARKER      044062   229 1
REGNIER      027514   228 1
LONDONC      044047   229 1
SEFED        021477   229 1
VAFOWRN      000001     0 1
WARNERD      044054   229 1
COLLONNIER   027514   228 1
XMAGNUM      000007     3 1
PKIEFER      044054   229 0
SYNCMAG      013107   172 1
SLIISIS      030042    38 1
DBACCNTRL    032120   201 0
FREDRICK     021476   229 1
BILLF        000001     0 1
EST          036620   200 1
BACKUP       000001     0 1
DCRANK       011334   200 1
GLATECH      044060   229 0
LUSKERJ      011334   240 1
HAGERL       011020     3 1
VATECH       044062   229 1
SPOOL        000001     0 1
PJ           000006     0 1
DJATCZAK     021477   229 1
TRTNET       044261   229 0
SSPAMBIN     011447   229 1
PRAMS        047256   228 1
KORALEWSKIR  044060   229 1
WAGNERD      011020     3 1
CWEIDNER     044061   229 1
CARRELLA     000004     2 1
MATTHEWS     021477   229 0
MATHIASC     044054   229 1
TSUIS        021476   229 1
EASTTECH     021476   229 1
JORTIZ       000001     0 1
SALTYRON     011447     3 1
NET1STAGE    021476   229 1
CHEDIN       021477   229 1
SRATECH      000001     0 1
SDERRY       000007     3 1
POBATP       044054   229 1
DBHANNAH     032120   229 0
BBENNECOFF   044251   229 1
NTD001       011334   200 1
TESTMNCH     000004     2 1
JHSIEH       011334   200 1
SNILLUKA     021476   229 1
CENTRALTECH  010056   201 0
BSTALING     021476   229 1
TYM4000      021477   229 1
SAILTEST     000003     3 1
TTS317       026442     0 1
PHERMENS     030455   240 1
DIAG10V      000001     3 1
WNFENW       011020     3 1
XEXEC        000003     3 1
CHANG        011334   200 1
LEEA         021476   229 1
HWANGJ       030455   240 1
MMCCOY       011334   200 1
CRASH        000001     0 1
JOHNSONP     027514   228 1
DB132        032120   227 0
SLIDLB       034355    38 1
UPL          000011     1 1
SLIDASPE     046422    38 1
TYMGRIPE     000003     3 1
BUSPLN       011011   144 1
ACTRTY       000004     2 1
USIAKR       044060   229 1
C4ASEES      014351   129 1
CWILSON      011334   200 1
SLIOPA       030042    38 1
HAWKINSD     044047   229 1
MBERGER      011334   200 1
WRFSC        021476   229 1
DLANE        044251   229 1
DAULTON      021477   229 1
SSJREP       000001     0 1
STEINJ       011020     3 1
MREBMANN     021477   229 1
BELLINI      027514   228 1
BSTURM       021476   229 1
HLE          000001     0 1
OSNF         000003     3 1
TCLARKE      044062   229 1
LHEINZEL     044266   229 0
SPL          000003     3 1
DB131        032120   221 0
OSU          000003     3 1
STEINISM     044061   229 1
LANCIEN      027514   228 1
UAS          000004     2 1
MPL          000003     3 1
JBURROUGH    021476   229 1
ACHAO        011334   200 1
NETSTAT      021477   201 1
GBLOOD       011447   229 1
TYMDATA      011020     3 1
JLUCAS       021476   229 0
LIENEMANC    044062   229 1
NETDATA      032120   229 1
SSUTIL       011447     3 1
CHERIE       000003     3 1
ADPCODE      044061   229 1
TSENG        000007     3 1
TECHDOC      021476   229 1
TNSOPS       027514   228 1
LEAHYP       021477   229 0
ADAZZI       021476   229 1
JORDANR      044061   229 1
SSINSTALL    011447     3 1
INTYM        027514   228 1
TTMSTS       013107   172 1
YOUNGERC     011334   200 1
SPPARCH      000003     3 1
NEPNET       021477   229 1
TNSCES       027514   228 1
SLIDTH       030042    38 1
MURTAUGH     011020     3 1
FEDACCG      021477   201 1
OSERANG      011334     3 1
DBA          032120   229 1
SCHOU        044266   229 1
KLUEDER      021476   229 0
TECHW        000001     0 1
SSVALSUP     011447     3 1
STUTZMANC    044267   229 1
BRING        014717     3 1
KADNEY       032120   229 0
MCKIERNAN    044266   229 1
OASYS        043511   248 1
WHONG        021476   229 1
LWANVEER     021477   229 1
JNEAL        011020     3 1
JLMORARD     027514   228 1
HELGEM       000003     3 1
MWILLHAUCK   044047   229 1
MARNETT      044047   229 1
JBUXTON      011020     3 1
HQTECH1      041320   229 1
SORRELL      011020     3 1
PTDIRVINE    011334   240 1
RICHARDS     011020     3 1
RAUSCHER     011020     3 1
GCOLES       011334   200 1
SOCKWELL     011020     3 1
JSMITH       044047   229 1
FTSWORK      030455   240 1
CCHEN        044266   229 1
GUYEDA       021477   201 1
HAYESDRL     000001     0 1
MDIDIER      011334   200 1
DONAHUE      014717     3 1
OHARAB       030455   240 1
AKRONE       044054   229 0
NSSC         021477   229 1
PMELLET      027514   228 1
SWARTZM      044060   229 1
THOMASJ      021477   229 1
SWHITE       044251   229 1
ITTNET       044255   229 0
LSHERMAN     011334   200 1
HUSSEYD      021477   229 1
NSDBKUP      011334   200 1
WILLIAMSE    011334   200 1
RCANET       044256   229 0
SSPERP       011447     3 1
KRIEGL       044062   229 1
UN1          000006     0 1
DZISA        021476   229 1
DYOUNG       044251   229 1
*6NEWS       000006     3 1
RUDMAN       027514   228 1
KRUMVP       011334   200 1
DGOAD        011334   229 1
SOURCE       011334   200 1
SEATECH      044062   229 0
GL.DATA      000004     2 1
YOUNGV       011334   200 1
CORTEZ       011020     3 1
SUEHIROA     011334   200 1
MDOWNEY      011020     3 1
1213MGR      000001     3 1
BOURDEAU     011020     3 1
ENFEW        011020     3 1
TCHOW        044266   229 1
WRONSTADT    044060   229 1
SHEPPARDA    030455   240 1
LIVERSON     044047   229 1
YOUNGS       021477   229 1
CLARKET      021477   229 1
BWING        021476   229 1
ALANK        000007     3 1
SNAVELYJ     011020     3 1
HOPKINSM     044047   229 1
INTRESG      021477   229 1
EDIDADM      035676   146 1
AMYKWOK      021477   229 1
SYSMAINT     000003     3 1
DIAG         000001     3 1
TTMSBUBB     013107   172 1
JEFSEY       027514   228 1
KSALEHI      032120   229 0
CANDERSON    044062   229 1
ARELLA       011020     3 1
TSUCOOP      000003     3 1
STHOMPSON    011334   200 1
RSPRENKEL    021476   201 1
MACEK        021477   229 0
SLIDACLT     046422    38 0
SRASO        000001     0 1
DHSU         011334   200 1
PUB          000003     3 1
WIEBET       021476   229 1
TSAMPSON     044061   229 0
ALBERTAC     011020     3 1
ISISPCM      037071    38 1
TSDCONTROL   023407   240 1
TDEGOOSH     011020     3 1
WRS          000003     0 1
ALFENN       023401   200 1
CLEMENS      021477   201 1
NSSU         021476   229 1
SPECIALEF    044054   229 1
CUSTORDS     032120   229 1
FTTBA        011447     3 1
RTREHIN      027514   228 1
CORSO        011334   201 0
NCHANG       044047   229 1
FSUPPORT     035676   146 1
CNICOLL      044062   229 1
JLIOU        021476   229 1
CLARIDGE     021476   201 1
MORIARTY     011020     3 1
RHOWLAND     021477   229 1
TAPELIB      000001     0 1
NEWS         010056   229 1
ENFETECH     011020     3 1
PINGCHU      021476   229 1
SCHRAMM      011334   200 1
CRAY         011334   200 1
TNSUKM       047256   228 1
CWOO         044054   229 1
PACTECH      044266   229 1
NETOPS       021477   201 1
GMARTINEZ    044061   229 1
RJK          000004     2 1
STONEK       044054   229 0
INSDGSS1     011011   144 1
MATTSONM     021476   229 1
UTIL         000001     0 1
NEATECH      021476   201 0
SAILIB       000003     3 0
ENGDIAG      011020     3 1
SLISURV      037071    38 0
APLATT       044266   229 1
SMYTHEC      011334   200 1
DFOWLER      021476   229 1
DPUTNAM      044060   229 1
PCM          011020     3 1
SCHEIBS      000001     0 1
HQTECH.TIP   021476   229 1
MROUMILI     027514   228 1
TWANG        011334   200 1
MCONWAY      021477   229 1
GGARDINA     021476   229 1
*2TRR        000002     3 1
SEMAR        011334   200 1
TCMS         000001     0 1
BWILLIAMS    032120   229 1
BLAIR        011020     3 1
RODRIGUESP   000004     2 1
ARCHIVES     011447     3 1
NETEOM       021477   201 1
SCHIANG      044047   229 1
SANDYMF      011334   200 1
UPTGROVE     011334   200 1
PERPOPER     000001     0 1
BILLING10    000001     0 1
NETQC        021477   229 1
RAKELLA      021476   229 1
FTSWELLS     030455   240 1
FFISHMAN     021476   229 1
DBTMP        032120   229 1
*1BATCH      000001     0 1
PQUE         021477   201 1
RAFALA       021477   229 1
CHARRIS      044266   229 1
SCAPIK       000001     3 1
TCSUP        021477   201 1
CNSMON       021476   229 1
MATOKA       000003     0 1
QASYS        011447     3 0
NCHIN        021476   229 1
BNOLLEY      011020   229 1
TRUCONTROL   000001     0 1
NPRODUCT     011020     3 1
WESTSALE     010056   229 0
PITTMANV     044062   229 1
MAIL         000003     3 1
SYS          000001     0 1
SRAFT        000001     0 1
CATECH       044054   229 1
TNSFRA       027514   228 1
RREYES       044062   229 1
METTECH      044061   229 1
RISDIAG      011020     3 1
CENTCODE     044054   229 0
ASHUR        044251   229 1
MLUCIDO      021476   229 1
JWANG        044266   229 1
MHEY         027514   228 1
DMIREQ       035725    91 1
MCH          000003     3 1
OHARROWP     044047   229 1
BRAHMB       011334   200 1
DTSAO        021476   229 1
*2TTY        000002     3 1
KKELLER      021477   229 1
WUINET       044257   229 0
NETENG       021477   229 1
SYSDOC       011447     3 1
TRANSW       011334   200 1
PCROUTS      011020     3 0
MIKERUDE     011334   200 1
ACT10        000004     2 1
JLEMUS       021476   229 1
DMACOMB      011020     3 1
DCORNELY     021477   229 1
BAILEYH      011334   200 1
SCOHEN       011334   200 1
FLAHERTYW    044060   229 1
MATS.01      013107   172 1
TNSAMS       027514   228 1
MIMI         044266   229 1
TECHSERV     021476   201 1
SRA1         000001     0 1
RNIELSEN     021477   229 1
BORROMEO     030455   240 1
DGAETANI     021477   229 1
TFISTE       021477   229 1
CHALIT       030455   240 1
TBATLIB      011447     3 1
GHBARLOW     000001     0 1
NSDLIB       011334   200 1
SHSU         011334   200 1
ISINSTALL    011011   144 1
JCARTER      011020     3 1
LAMPMAN      021477   229 1
FTMAGNUM     000007     3 1
MOSSERJ      014717     3 1
MATS         013107   172 1
HQLAB        021476   201 1
MFORDE       021476   229 0
ENSS         021477   229 1
LKYPKE       021476   229 1
FLETCHERC    000003     3 1
ACHIPPA      021476   229 1
SRAVAL       000001     0 1
BCHEN        021476   229 0
EWHISENANT   044062   229 1
SBANNING     044054   229 0
PMISTRY      021476   229 1
GALLUPSS     044062   229 1
DBTAR        032120   229 0
FRANK        000004     2 1
BREZELL      021476   201 1
NETMID       011334   200 1
STOOPSE      011334   200 1
DULAM        027514   228 1
DBTIO        032120   229 1
SLLDCAIN     011334   200 1
TIIDEV       011334   200 1
SWONG        044266   229 1
VARDIAG      011020     3 1
SPOOLING     011653     0 1
VALDEV       000001     0 1
SRAUTIL      000001     0 1
VIVIAN       000001     0 1
CC           000013     1 0
JEANGUY      027514   228 1
DIAG10D      000001     3 1
RSARMAH      021477   229 1
PDIXON       021477   229 1
FCANNING     000004     2 1
SVOTH        021476   229 1
NADMRES      010056   201 1
DB130        032120   226 0
SUDWEEKS     044062   229 1
PAUD         044047   229 1
FBARTON      000001     0 1
KGREDDY      030455   240 1
DB134        032120   229 1
PETRYSZYNS   044060   229 1
X22113       011011   144 1
CUPCOPS      000001     0 1
PRODNET      021477   201 0
DUNLEVYM     044054   229 1
DBPNETS      032120   229 1
TNS          027514   228 1
MBETTY       044062   229 0
SSBACKUP     011447     3 1
BOBH         000004     2 1
CBIER        021476   229 1
MZORTMAN     021476   201 1
JREID        011334   200 1
FCM          011020     3 1
JMAGNAN      044047   229 1
RJORDAN      021477   229 0
MHANNA       044061   229 1
EUROTECH     021477   229 0
NWILLIAMS    021475   229 1
GWALPOLE     011020     3 1
ANVERM       011020     3 1
TYMISIS      021477   201 1
IRONHAT      000001     0 1
BWALLACE     047256   228 1
PWSLIB       011011   144 1
SNEDDONP     044054   229 1
PUBNET       021476   201 1
GBEIDLER     021477   229 1
SSARCHD      011447     3 1
BAIGENT      014717     3 1
KEN          000003     3 1
SLICM        044072    38 0
TROUSSAR     027514   228 1
WNFETECH     011020     3 1
MALUBINA     011334   200 1
DHSMITH      021477   201 1
EWINDLE      021477   229 1
CMTI         011334   200 1
NGREGORY     021476   201 1
DAUERBACH    044062   229 1
BATES        011011   144 1
BRUCES       011020     3 1
*1KEN        000001     0 1
MOORING      011020     3 1
RKRUL        021477   229 1
SLIDTM       030042    38 1
NSDADM       011334   200 1
MFGRECEP     011020     3 1
CNFEMGR      011020     3 1
RICHARDSON   011346     3 1
TYMGEN       021477   201 0
BEYSSON      027514   228 1
SLIANG       044047   229 1
RADMON       021476   229 1
MFGSEC       011020     3 1
BABCOCKR     044054   229 1
RANDERSON    044054   229 1
FLCHEN       021476   229 1
M33          000003     3 1
SSEREP       000001     0 1
OPER         000001     0 1
WEUSKE       011334   200 1
ACCG1GL      021477   229 0
DGAUVIN      044060   229 1
HQXCOM       021476   229 1
SRAMOV       000001     0 1
PACAULT      021477   201 1
CMELO        021476   229 0
WATECH       044047   229 1
JTSAI        044251   229 1
JMS          000003     3 1
DBTLC        032120   229 1
MADDERRA     011334   200 1
ATLANTICTECH 010056   201 0
NTS          011020     3 1
CHENC        021476   229 1
MISTAPE      000004     2 1
ATLTECH      044251   229 1
PNELSON      011020     3 1
VALIDATE     011447   200 1
KDCDIAG      011020     3 1
APSSUP       021476   229 0
C/LANGDON    021476   229 1
KKULLAR      044047   229 1
SMITHDE      011334   200 1
INTLTECH     044267   229 1
FTSYS        000001     3 1
SLOTDUMP     021476   229 1
WALKERG      021476   201 0
CUD10        000001     0 1
WRFS         021476   229 1
ACCG1MGR     021477   229 0
BEKAY        044062   229 1
RESMGT       021476   201 1
APLAB        011020     3 1
HALBROOKD    044054   229 1
OHARROW      021476   229 0
NETCONAD     021477   229 1
DMOULTON     000004     2 1
LARDILLEUX   027514   228 1
LANCRENON    027514   228 1
TDFTECH      011334   200 1
SYSNEWS      000001     3 1
DNDUTIL      011334   200 1
TNSM         027514   228 1
DNDSPEC      011334   200 1
PAPADOPOULOS 044054   229 1
MATUCHAD     011334   200 1
DBURKS       044047   229 1
ENFEB        011020     3 1
KDDIAG       021475   201 1
TYMINTL      021477   229 1
ISIS2        011334   200 1
NSTECH       021476   229 1
JLIOU1       011334   200 1
JONAS        011334   200 1
SCHNESED     044054   229 1
AUFFREDOU    4   228 1
DUNNL        044061   229 1
PNAGEL       021477   229 1
NSHUKLA      021476   229 1
TCUPAL       021477   229 1
DPELSUE      021477   229 1
ROLAND       011447   200 1
RVIVIER      011020     3 1
BURRIESCIN   011447   200 1
DONNELLY     021476   229 0
MWALTERS     047256   228 1
DMIELKE      044060   229 1
SRACRT       000001     0 1
ANDRAKIN     011334   200 1
BTHOMSON     021476   229 1
DLEE         021476   229 1
NSDSINS      011334   200 1
FERRISK      021477   229 0
ROOPED       000001     0 1
FISBEIN      027514   228 1
MICRO        011011   144 1
FISHMANF     044062   229 1
GLOCKZIN     011020     3 1
FTSYSDOC     011447     3 1
NET370       011654   201 1
EASTPNET     021477   201 1
SMCREE       021477   229 1
AIKEN        021477   229 1
POSTECH      030455   240 1
DPACPROD     021477   201 0
OTUTILITY    021476   229 1
TTMSISIS2    013107   172 1
GILLIAMG     044047   229 1
UFD          000001     0 1
  6)r‘